#
# There is insufficient memory for the Java Runtime Environment to continue.
# Native memory allocation (mmap) failed to map 67108864 bytes for G1 virtual space
# Possible reasons:
#   The system is out of physical RAM or swap space
#   The process is running with CompressedOops enabled, and the Java Heap may be blocking the growth of the native heap
# Possible solutions:
#   Reduce memory load on the system
#   Increase physical memory or swap space
#   Check if swap backing store is full
#   Decrease Java heap size (-Xmx/-Xms)
#   Decrease number of Java threads
#   Decrease Java thread stack sizes (-Xss)
#   Set larger code cache with -XX:ReservedCodeCacheSize=
#   JVM is running with Unscaled Compressed Oops mode in which the Java heap is
#     placed in the first 4GB address space. The Java Heap base address is the
#     maximum limit for the native heap growth. Please use -XX:HeapBaseMinAddress
#     to set the Java Heap base and to place the Java Heap above 4GB virtual address.
# This output file may be truncated or incomplete.
#
#  Out of Memory Error (os_windows.cpp:3528), pid=1528, tid=5352
#
# JRE version:  (20.0.1+9) (build )
# Java VM: OpenJDK 64-Bit Server VM (20.0.1+9-29, mixed mode, sharing, tiered, compressed oops, compressed class ptrs, g1 gc, windows-amd64)
# No core dump will be written. Minidumps are not enabled by default on client versions of Windows
#

---------------  S U M M A R Y ------------

Command Line: -javaagent:C:\Program Files\JetBrains\IntelliJ IDEA Community Edition 2023.1.3\lib\idea_rt.jar=63330:C:\Program Files\JetBrains\IntelliJ IDEA Community Edition 2023.1.3\bin -Dfile.encoding=UTF-8 -Dsun.stdout.encoding=UTF-8 -Dsun.stderr.encoding=UTF-8 UTN.datos.EstudianteDAO

Host: Intel(R) Celeron(R) CPU G3930 @ 2.90GHz, 2 cores, 3G,  Windows 10 , 64 bit Build 19041 (10.0.19041.3155)
Time: Sun Sep  3 20:14:05 2023 Hora estándar de Argentina elapsed time: 0.467366 seconds (0d 0h 0m 0s)

---------------  T H R E A D  ---------------

Current thread (0x000001ed768cc6c0):  JavaThread "Unknown thread" [_thread_in_vm, id=5352, stack(0x000000b98d800000,0x000000b98d900000)]

Stack: [0x000000b98d800000,0x000000b98d900000]
Native frames: (J=compiled Java code, j=interpreted, Vv=VM code, C=native code)
V  [jvm.dll+0x6bb95a]
V  [jvm.dll+0x8485fa]
V  [jvm.dll+0x84a1f5]
V  [jvm.dll+0x84a8f3]
V  [jvm.dll+0x280b0f]
V  [jvm.dll+0x6b86e9]
V  [jvm.dll+0x6ad2da]
V  [jvm.dll+0x35adf5]
V  [jvm.dll+0x363016]
V  [jvm.dll+0x3b3b3e]
V  [jvm.dll+0x3b3dc5]
V  [jvm.dll+0x32b50a]
V  [jvm.dll+0x32c32b]
V  [jvm.dll+0x8112bf]
V  [jvm.dll+0x3c0d91]
V  [jvm.dll+0x7fcfe3]
V  [jvm.dll+0x44c76f]
V  [jvm.dll+0x44e0e1]
C  [jli.dll+0x5287]
C  [ucrtbase.dll+0x21bb2]
C  [KERNEL32.DLL+0x17614]
C  [ntdll.dll+0x526b1]


---------------  P R O C E S S  ---------------

Threads class SMR info:
_java_thread_list=0x00007ff85c6ca098, length=0, elements={
}

Java Threads: ( => current thread )

Other Threads:
  0x000001ed7690b0c0 WorkerThread "GC Thread#0" [stack: 0x000000b98d900000,0x000000b98da00000] [id=2644]
  0x000001ed76915060 ConcurrentGCThread "G1 Main Marker" [stack: 0x000000b98da00000,0x000000b98db00000] [id=1052]
  0x000001ed76915c30 WorkerThread "G1 Conc#0" [stack: 0x000000b98db00000,0x000000b98dc00000] [id=9924]

[error occurred during error reporting (printing all threads), id 0xc0000005, EXCEPTION_ACCESS_VIOLATION (0xc0000005) at pc=0x00007ff85beaeb47]
VM state: not at safepoint (not fully initialized)

VM Mutex/Monitor currently owned by a thread:  ([mutex/lock_event])
[0x000001ed768c7c50] Heap_lock - owner thread: 0x000001ed768cc6c0

Heap address: 0x00000000c1c00000, size: 996 MB, Compressed Oops mode: 32-bit

CDS archive(s) mapped at: [0x0000000000000000-0x0000000000000000-0x0000000000000000), size 0, SharedBaseAddress: 0x0000000800000000, ArchiveRelocationMode: 0.
Narrow klass base: 0x0000000000000000, Narrow klass shift: 0, Narrow klass range: 0x0

GC Precious Log:
 CardTable entry size: 512
 Card Set container configuration: InlinePtr #cards 5 size 8 Array Of Cards #cards 12 size 40 Howl #buckets 4 coarsen threshold 1843 Howl Bitmap #cards 512 size 80 coarsen threshold 460 Card regions per heap region 1 cards per card region 2048

Heap:
 garbage-first heap   total 0K, used 0K [0x00000000c1c00000, 0x0000000100000000)
  region size 1024K, 0 young (0K), 0 survivors (0K)

[error occurred during error reporting (printing heap information), id 0xc0000005, EXCEPTION_ACCESS_VIOLATION (0xc0000005) at pc=0x00007ff85c283c59]
GC Heap History (0 events):
No events

Dll operation events (1 events):
Event: 0.323 Loaded shared library C:\Users\Propietario\.jdks\openjdk-20.0.1\bin\java.dll

Deoptimization events (0 events):
No events

Classes loaded (0 events):
No events

Classes unloaded (0 events):
No events

Classes redefined (0 events):
No events

Internal exceptions (0 events):
No events

VM Operations (0 events):
No events

Events (0 events):
No events


Dynamic libraries:
0x00007ff6e6360000 - 0x00007ff6e636e000 	C:\Users\Propietario\.jdks\openjdk-20.0.1\bin\java.exe
0x00007ff890010000 - 0x00007ff890208000 	C:\WINDOWS\SYSTEM32\ntdll.dll
0x00007ff88f150000 - 0x00007ff88f20f000 	C:\WINDOWS\System32\KERNEL32.DLL
0x00007ff88daa0000 - 0x00007ff88dd96000 	C:\WINDOWS\System32\KERNELBASE.dll
0x00007ff88deb0000 - 0x00007ff88dfb0000 	C:\WINDOWS\System32\ucrtbase.dll
0x00007ff87d430000 - 0x00007ff87d447000 	C:\Users\Propietario\.jdks\openjdk-20.0.1\bin\jli.dll
0x00007ff88e0d0000 - 0x00007ff88e26d000 	C:\WINDOWS\System32\USER32.dll
0x00007ff88e040000 - 0x00007ff88e062000 	C:\WINDOWS\System32\win32u.dll
0x00007ff88f220000 - 0x00007ff88f24c000 	C:\WINDOWS\System32\GDI32.dll
0x00007ff88d6f0000 - 0x00007ff88d805000 	C:\WINDOWS\System32\gdi32full.dll
0x00007ff88dda0000 - 0x00007ff88de3d000 	C:\WINDOWS\System32\msvcp_win.dll
0x00007ff87d3f0000 - 0x00007ff87d40b000 	C:\Users\Propietario\.jdks\openjdk-20.0.1\bin\VCRUNTIME140.dll
0x00007ff87be40000 - 0x00007ff87c0da000 	C:\WINDOWS\WinSxS\amd64_microsoft.windows.common-controls_6595b64144ccf1df_6.0.19041.1110_none_60b5254171f9507e\COMCTL32.dll
0x00007ff88e270000 - 0x00007ff88e30e000 	C:\WINDOWS\System32\msvcrt.dll
0x00007ff88f500000 - 0x00007ff88f530000 	C:\WINDOWS\System32\IMM32.DLL
0x00007ff87fd90000 - 0x00007ff87fd9c000 	C:\Users\Propietario\.jdks\openjdk-20.0.1\bin\vcruntime140_1.dll
0x00007ff876440000 - 0x00007ff8764ce000 	C:\Users\Propietario\.jdks\openjdk-20.0.1\bin\msvcp140.dll
0x00007ff85bb70000 - 0x00007ff85c807000 	C:\Users\Propietario\.jdks\openjdk-20.0.1\bin\server\jvm.dll
0x00007ff88e8f0000 - 0x00007ff88e99f000 	C:\WINDOWS\System32\ADVAPI32.dll
0x00007ff88fb30000 - 0x00007ff88fbcc000 	C:\WINDOWS\System32\sechost.dll
0x00007ff88fbd0000 - 0x00007ff88fcf6000 	C:\WINDOWS\System32\RPCRT4.dll
0x00007ff87a9a0000 - 0x00007ff87a9a9000 	C:\WINDOWS\SYSTEM32\WSOCK32.dll
0x00007ff88f250000 - 0x00007ff88f2bb000 	C:\WINDOWS\System32\WS2_32.dll
0x00007ff87f8e0000 - 0x00007ff87f907000 	C:\WINDOWS\SYSTEM32\WINMM.dll
0x00007ff8859f0000 - 0x00007ff8859fa000 	C:\WINDOWS\SYSTEM32\VERSION.dll
0x00007ff88b570000 - 0x00007ff88b582000 	C:\WINDOWS\SYSTEM32\kernel.appcore.dll
0x00007ff87fbb0000 - 0x00007ff87fbba000 	C:\Users\Propietario\.jdks\openjdk-20.0.1\bin\jimage.dll
0x00007ff878160000 - 0x00007ff878344000 	C:\WINDOWS\SYSTEM32\DBGHELP.DLL
0x00007ff87b150000 - 0x00007ff87b184000 	C:\WINDOWS\SYSTEM32\dbgcore.DLL
0x00007ff88dfb0000 - 0x00007ff88e032000 	C:\WINDOWS\System32\bcryptPrimitives.dll
0x00007ff8857e0000 - 0x00007ff8857ee000 	C:\Users\Propietario\.jdks\openjdk-20.0.1\bin\instrument.dll
0x00007ff87c7c0000 - 0x00007ff87c7e6000 	C:\Users\Propietario\.jdks\openjdk-20.0.1\bin\java.dll

dbghelp: loaded successfully - version: 4.0.5 - missing functions: none
symbol engine: initialized successfully - sym options: 0x614 - pdb path: .;C:\Users\Propietario\.jdks\openjdk-20.0.1\bin;C:\WINDOWS\SYSTEM32;C:\WINDOWS\WinSxS\amd64_microsoft.windows.common-controls_6595b64144ccf1df_6.0.19041.1110_none_60b5254171f9507e;C:\Users\Propietario\.jdks\openjdk-20.0.1\bin\server

VM Arguments:
jvm_args: -javaagent:C:\Program Files\JetBrains\IntelliJ IDEA Community Edition 2023.1.3\lib\idea_rt.jar=63330:C:\Program Files\JetBrains\IntelliJ IDEA Community Edition 2023.1.3\bin -Dfile.encoding=UTF-8 -Dsun.stdout.encoding=UTF-8 -Dsun.stderr.encoding=UTF-8 
java_command: UTN.datos.EstudianteDAO
java_class_path (initial): C:\Users\Propietario\TecProgramacionTercSemestre\Tecnicatura3Java\Leccion12\SistemaEstudiantes\target\classes;C:\Users\Propietario\.m2\repository\com\mysql\mysql-connector-j\8.1.0\mysql-connector-j-8.1.0.jar;C:\Users\Propietario\.m2\repository\com\google\protobuf\protobuf-java\3.21.9\protobuf-java-3.21.9.jar;C:\Users\Propietario\.m2\repository\org\mongodb\mongodb-driver-sync\4.10.2\mongodb-driver-sync-4.10.2.jar;C:\Users\Propietario\.m2\repository\org\mongodb\bson\4.10.2\bson-4.10.2.jar;C:\Users\Propietario\.m2\repository\org\mongodb\mongodb-driver-core\4.10.2\mongodb-driver-core-4.10.2.jar;C:\Users\Propietario\.m2\repository\org\mongodb\bson-record-codec\4.10.2\bson-record-codec-4.10.2.jar
Launcher Type: SUN_STANDARD

[Global flags]
     intx CICompilerCount                          = 2                                         {product} {ergonomic}
     uint ConcGCThreads                            = 1                                         {product} {ergonomic}
     uint G1ConcRefinementThreads                  = 2                                         {product} {ergonomic}
   size_t G1HeapRegionSize                         = 1048576                                   {product} {ergonomic}
    uintx GCDrainStackTargetSize                   = 64                                        {product} {ergonomic}
   size_t InitialHeapSize                          = 67108864                                  {product} {ergonomic}
   size_t MarkStackSize                            = 4194304                                   {product} {ergonomic}
   size_t MaxHeapSize                              = 1044381696                                {product} {ergonomic}
   size_t MinHeapDeltaBytes                        = 1048576                                   {product} {ergonomic}
   size_t MinHeapSize                              = 8388608                                   {product} {ergonomic}
    uintx NonNMethodCodeHeapSize                   = 5826188                                {pd product} {ergonomic}
    uintx NonProfiledCodeHeapSize                  = 122916026                              {pd product} {ergonomic}
    uintx ProfiledCodeHeapSize                     = 122916026                              {pd product} {ergonomic}
    uintx ReservedCodeCacheSize                    = 251658240                              {pd product} {ergonomic}
     bool SegmentedCodeCache                       = true                                      {product} {ergonomic}
   size_t SoftMaxHeapSize                          = 1044381696                             {manageable} {ergonomic}
     bool UseCompressedClassPointers               = true                           {product lp64_product} {ergonomic}
     bool UseCompressedOops                        = true                           {product lp64_product} {ergonomic}
     bool UseG1GC                                  = true                                      {product} {ergonomic}
     bool UseLargePagesIndividualAllocation        = false                                  {pd product} {ergonomic}

Logging:
Log output configuration:
 #0: stdout all=warning uptime,level,tags foldmultilines=false
 #1: stderr all=off uptime,level,tags foldmultilines=false

Environment Variables:
JAVA_HOME=C:\Program Files\Java\jdk-15
PATH=C:\Program Files\Common Files\Oracle\Java\javapath;C:\Program Files (x86)\Common Files\Intel\Shared Files\cpp\bin\Intel64;C:\WINDOWS\system32;C:\WINDOWS;C:\WINDOWS\System32\Wbem;C:\WINDOWS\System32\WindowsPowerShell\v1.0\;C:\WINDOWS\System32\OpenSSH\;C:\Users\Propietario\Downloads\x86_64-8.1.0-release-posix-sjlj-rt_v6-rev0\mingw64\bin;C:\Program Files\Git\cmd;C:\Program Files\Java\jdk-15\bin;C:\Program Files\nodejs\;C:\Program Files\Docker\Docker\resources\bin;C:\Users\Propietario\AppData\Local\Programs\Python\Python311\Scripts\;C:\Users\Propietario\AppData\Local\Programs\Python\Python311\;C:\Users\Propietario\AppData\Local\Microsoft\WindowsApps;C:\Users\Propietario\AppData\Local\Programs\Microsoft VS Code\bin;C:\Users\Propietario\AppData\Local\GitHubDesktop\bin;C:\Users\Propietario\AppData\Roaming\npm;C:\ProgramData\Propietario\gitkraken\bin
USERNAME=Propietario
OS=Windows_NT
PROCESSOR_IDENTIFIER=Intel64 Family 6 Model 158 Stepping 9, GenuineIntel
TMP=C:\Users\PROPIE~1\AppData\Local\Temp
TEMP=C:\Users\PROPIE~1\AppData\Local\Temp




---------------  S Y S T E M  ---------------

OS:
 Windows 10 , 64 bit Build 19041 (10.0.19041.3155)
OS uptime: 0 days 8:44 hours
Hyper-V role detected

CPU: total 2 (initial active 2) (2 cores per cpu, 1 threads per core) family 6 model 158 stepping 9 microcode 0xb4, cx8, cmov, fxsr, mmx, 3dnowpref, sse, sse2, sse3, ssse3, sse4.1, sse4.2, popcnt, lzcnt, tsc, tscinvbit, aes, erms, clmul, clflush, clflushopt, hv, rdtscp

Memory: 4k page, system-wide physical 3979M (369M free)
TotalPageFile size 5979M (AvailPageFile size 31M)
current process WorkingSet (physical memory assigned to process): 10M, peak: 10M
current process commit charge ("private bytes"): 47M, peak: 111M

vm_info: OpenJDK 64-Bit Server VM (20.0.1+9-29) for windows-amd64 JRE (20.0.1+9-29), built on 2023-03-07T13:56:11Z by "mach5one" with MS VC++ 17.1 (VS2022)

END.
