#
# There is insufficient memory for the Java Runtime Environment to continue.
# Native memory allocation (mmap) failed to map 65536 bytes for Failed to commit metaspace.
# Possible reasons:
#   The system is out of physical RAM or swap space
#   The process is running with CompressedOops enabled, and the Java Heap may be blocking the growth of the native heap
# Possible solutions:
#   Reduce memory load on the system
#   Increase physical memory or swap space
#   Check if swap backing store is full
#   Decrease Java heap size (-Xmx/-Xms)
#   Decrease number of Java threads
#   Decrease Java thread stack sizes (-Xss)
#   Set larger code cache with -XX:ReservedCodeCacheSize=
#   JVM is running with Unscaled Compressed Oops mode in which the Java heap is
#     placed in the first 4GB address space. The Java Heap base address is the
#     maximum limit for the native heap growth. Please use -XX:HeapBaseMinAddress
#     to set the Java Heap base and to place the Java Heap above 4GB virtual address.
# This output file may be truncated or incomplete.
#
#  Out of Memory Error (virtualSpaceNode.cpp:110), pid=2628, tid=3820
#
# JRE version: OpenJDK Runtime Environment (20.0.1+9) (build 20.0.1+9-29)
# Java VM: OpenJDK 64-Bit Server VM (20.0.1+9-29, mixed mode, sharing, tiered, compressed oops, compressed class ptrs, g1 gc, windows-amd64)
# No core dump will be written. Minidumps are not enabled by default on client versions of Windows
#

---------------  S U M M A R Y ------------

Command Line: -Dmaven.multiModuleProjectDirectory=C:\Users\Propietario\TecProgramacionTercSemestre\Tecnicatura3Java\Leccion12\SistemaEstudiantes -Djansi.passthrough=true -Dmaven.home=C:\Program Files\JetBrains\IntelliJ IDEA Community Edition 2023.1.3\plugins\maven\lib\maven3 -Dclassworlds.conf=C:\Program Files\JetBrains\IntelliJ IDEA Community Edition 2023.1.3\plugins\maven\lib\maven3\bin\m2.conf -Dmaven.ext.class.path=C:\Program Files\JetBrains\IntelliJ IDEA Community Edition 2023.1.3\plugins\maven\lib\maven-event-listener.jar -javaagent:C:\Program Files\JetBrains\IntelliJ IDEA Community Edition 2023.1.3\lib\idea_rt.jar=55456:C:\Program Files\JetBrains\IntelliJ IDEA Community Edition 2023.1.3\bin -Dfile.encoding=UTF-8 -Dsun.stdout.encoding=UTF-8 -Dsun.stderr.encoding=UTF-8 org.codehaus.classworlds.Launcher -Didea.version=2023.1.3 install

Host: Intel(R) Celeron(R) CPU G3930 @ 2.90GHz, 2 cores, 3G,  Windows 10 , 64 bit Build 19041 (10.0.19041.3155)
Time: Sat Aug 26 14:56:17 2023 Hora estándar de Argentina elapsed time: 2.849632 seconds (0d 0h 0m 2s)

---------------  T H R E A D  ---------------

Current thread (0x000002038329f330):  JavaThread "main" [_thread_in_vm, id=3820, stack(0x000000c4b6800000,0x000000c4b6900000)]

Stack: [0x000000c4b6800000,0x000000c4b6900000]
Native frames: (J=compiled Java code, j=interpreted, Vv=VM code, C=native code)
V  [jvm.dll+0x6bb95a]
V  [jvm.dll+0x8485fa]
V  [jvm.dll+0x84a1f5]
V  [jvm.dll+0x84a8f3]
V  [jvm.dll+0x280b0f]
V  [jvm.dll+0x84453b]
V  [jvm.dll+0x65fd86]
V  [jvm.dll+0x1eb4e7]
V  [jvm.dll+0x6627a2]
V  [jvm.dll+0x66258e]
V  [jvm.dll+0x66079e]
V  [jvm.dll+0x26da71]
V  [jvm.dll+0x21bea7]
V  [jvm.dll+0x211780]
V  [jvm.dll+0x59c26c]
V  [jvm.dll+0x7c3693]
V  [jvm.dll+0x7c3774]
V  [jvm.dll+0x46c524]
V  [jvm.dll+0x471a88]
C  [java.dll+0x17ec]

Java frames: (J=compiled Java code, j=interpreted, Vv=VM code)
J 1030  java.lang.ClassLoader.defineClass1(Ljava/lang/ClassLoader;Ljava/lang/String;[BIILjava/security/ProtectionDomain;Ljava/lang/String;)Ljava/lang/Class; java.base@20.0.1 (0 bytes) @ 0x0000020392e70571 [0x0000020392e704a0+0x00000000000000d1]
J 967 c1 java.lang.ClassLoader.defineClass(Ljava/lang/String;[BIILjava/security/ProtectionDomain;)Ljava/lang/Class; java.base@20.0.1 (43 bytes) @ 0x000002038b5121dc [0x000002038b511e80+0x000000000000035c]
J 1040 c1 java.security.SecureClassLoader.defineClass(Ljava/lang/String;[BIILjava/security/CodeSource;)Ljava/lang/Class; java.base@20.0.1 (16 bytes) @ 0x000002038b544874 [0x000002038b5447a0+0x00000000000000d4]
J 989 c1 java.net.URLClassLoader.defineClass(Ljava/lang/String;Ljdk/internal/loader/Resource;)Ljava/lang/Class; java.base@20.0.1 (224 bytes) @ 0x000002038b51cfd4 [0x000002038b51bd00+0x00000000000012d4]
J 1038 c1 java.net.URLClassLoader$1.run()Ljava/lang/Class; java.base@20.0.1 (81 bytes) @ 0x000002038b545a0c [0x000002038b544da0+0x0000000000000c6c]
J 988 c1 java.net.URLClassLoader$1.run()Ljava/lang/Object; java.base@20.0.1 (5 bytes) @ 0x000002038b51b7b4 [0x000002038b51b720+0x0000000000000094]
J 778 c1 java.security.AccessController.doPrivileged(Ljava/security/PrivilegedExceptionAction;Ljava/security/AccessControlContext;)Ljava/lang/Object; java.base@20.0.1 (26 bytes) @ 0x000002038b49cd64 [0x000002038b49cb80+0x00000000000001e4]
J 1037 c1 java.net.URLClassLoader.findClass(Ljava/lang/String;)Ljava/lang/Class; java.base@20.0.1 (47 bytes) @ 0x000002038b543bcc [0x000002038b543a20+0x00000000000001ac]
J 985 c1 org.codehaus.plexus.classworlds.realm.ClassRealm.loadClassFromSelf(Ljava/lang/String;)Ljava/lang/Class; (40 bytes) @ 0x000002038b51a8ec [0x000002038b51a680+0x000000000000026c]
J 1036 c1 org.codehaus.plexus.classworlds.strategy.SelfFirstStrategy.loadClass(Ljava/lang/String;)Ljava/lang/Class; (50 bytes) @ 0x000002038b54307c [0x000002038b542e20+0x000000000000025c]
J 981 c1 org.codehaus.plexus.classworlds.realm.ClassRealm.loadClass(Ljava/lang/String;Z)Ljava/lang/Class; (33 bytes) @ 0x000002038b5190bc [0x000002038b518f40+0x000000000000017c]
J 791 c1 org.codehaus.plexus.classworlds.realm.ClassRealm.loadClass(Ljava/lang/String;)Ljava/lang/Class; (7 bytes) @ 0x000002038b4a19bc [0x000002038b4a1920+0x000000000000009c]
v  ~StubRoutines::call_stub 0x0000020392891015
j  org.apache.maven.repository.internal.MavenRepositorySystemUtils.newSession()Lorg/eclipse/aether/DefaultRepositorySystemSession;+443
j  org.apache.maven.internal.aether.DefaultRepositorySystemSessionFactory.newRepositorySession(Lorg/apache/maven/execution/MavenExecutionRequest;)Lorg/eclipse/aether/DefaultRepositorySystemSession;+0
j  org.apache.maven.DefaultMaven.newRepositorySession(Lorg/apache/maven/execution/MavenExecutionRequest;)Lorg/eclipse/aether/RepositorySystemSession;+5
j  org.apache.maven.DefaultMaven.doExecute(Lorg/apache/maven/execution/MavenExecutionRequest;)Lorg/apache/maven/execution/MavenExecutionResult;+47
j  org.apache.maven.DefaultMaven.execute(Lorg/apache/maven/execution/MavenExecutionRequest;)Lorg/apache/maven/execution/MavenExecutionResult;+2
j  org.apache.maven.cli.MavenCli.execute(Lorg/apache/maven/cli/CliRequest;)I+27
j  org.apache.maven.cli.MavenCli.doMain(Lorg/apache/maven/cli/CliRequest;)I+66
j  org.apache.maven.cli.MavenCli.main([Ljava/lang/String;Lorg/codehaus/plexus/classworlds/ClassWorld;)I+24
j  java.lang.invoke.DirectMethodHandle$Holder.invokeStatic(Ljava/lang/Object;Ljava/lang/Object;Ljava/lang/Object;)I+11 java.base@20.0.1
j  java.lang.invoke.LambdaForm$MH+0x000000080100d000.invoke(Ljava/lang/Object;Ljava/lang/Object;Ljava/lang/Object;Ljava/lang/Object;)Ljava/lang/Object;+54 java.base@20.0.1
j  java.lang.invoke.LambdaForm$MH+0x0000000801003400.invokeExact_MT(Ljava/lang/Object;Ljava/lang/Object;Ljava/lang/Object;Ljava/lang/Object;Ljava/lang/Object;)Ljava/lang/Object;+22 java.base@20.0.1
j  jdk.internal.reflect.DirectMethodHandleAccessor.invokeImpl(Ljava/lang/Object;[Ljava/lang/Object;)Ljava/lang/Object;+72 java.base@20.0.1
j  jdk.internal.reflect.DirectMethodHandleAccessor.invoke(Ljava/lang/Object;[Ljava/lang/Object;)Ljava/lang/Object;+23 java.base@20.0.1
j  java.lang.reflect.Method.invoke(Ljava/lang/Object;[Ljava/lang/Object;)Ljava/lang/Object;+102 java.base@20.0.1
j  org.codehaus.plexus.classworlds.launcher.Launcher.launchEnhanced([Ljava/lang/String;)V+45
j  org.codehaus.plexus.classworlds.launcher.Launcher.launch([Ljava/lang/String;)V+2
j  org.codehaus.plexus.classworlds.launcher.Launcher.mainWithExitCode([Ljava/lang/String;)I+101
j  org.codehaus.plexus.classworlds.launcher.Launcher.main([Ljava/lang/String;)V+1
j  org.codehaus.classworlds.Launcher.main([Ljava/lang/String;)V+1
v  ~StubRoutines::call_stub 0x0000020392891015

Compiled method (n/a)    2872 1030     n 0       java.lang.ClassLoader::defineClass1 (native)
 total in heap  [0x0000020392e70310,0x0000020392e70940] = 1584
 relocation     [0x0000020392e70458,0x0000020392e70490] = 56
 main code      [0x0000020392e704a0,0x0000020392e7093c] = 1180
 stub code      [0x0000020392e7093c,0x0000020392e70940] = 4

[Constant Pool (empty)]

[MachCode]
[Entry Point]
  # {method} {0x0000000800435148} 'defineClass1' '(Ljava/lang/ClassLoader;Ljava/lang/String;[BIILjava/security/ProtectionDomain;Ljava/lang/String;)Ljava/lang/Class;' in 'java/lang/ClassLoader'
  # parm0:    rdx:rdx   = 'java/lang/ClassLoader'
  # parm1:    r8:r8     = 'java/lang/String'
  # parm2:    r9:r9     = '[B'
  # parm3:    rdi       = int
  # parm4:    rsi       = int
  # parm5:    rcx:rcx   = 'java/security/ProtectionDomain'
  # parm6:    [sp+0xa0]   = 'java/lang/String'  (sp of caller)
  0x0000020392e704a0: 448b 5208 | 49bb 0000 | 0000 0800 | 0000 4d03 | d349 3bc2 | 0f84 0600 

  0x0000020392e704b8: ;   {runtime_call ic_miss_stub}
  0x0000020392e704b8: 0000 e941 | 39a8 ff90 
[Verified Entry Point]
  0x0000020392e704c0: 8984 2400 | 80ff ff55 | 488b ec48 | 81ec 9000 | 0000 6690 | 4181 7f20 | 0100 0000 

  0x0000020392e704dc: ;   {runtime_call StubRoutines (2)}
  0x0000020392e704dc: 7405 e81d | 51a6 ff48 | 837d 1000 | 488d 4510 | 480f 4445 | 1048 8944 | 2440 4889 | 4c24 7048 
  0x0000020392e704fc: 83f9 0048 | 8d44 2470 | 480f 4444 | 2470 4889 | 4424 3848 | 8974 2430 | 4889 7c24 | 284c 894c 
  0x0000020392e7051c: 2458 4983 | f900 488d | 4424 5848 | 0f44 4424 | 5848 8944 | 2420 4c89 | 4424 5049 | 83f8 004c 
  0x0000020392e7053c: 8d4c 2450 | 4c0f 444c | 2450 4889 | 5424 4848 | 83fa 004c | 8d44 2448 | 4c0f 4444 

  0x0000020392e70558: ;   {oop(a 'java/lang/Class'{0x00000000c1c89d68} = 'java/lang/ClassLoader')}
  0x0000020392e70558: 2448 49be | 689d c8c1 | 0000 0000 | 4c89 7424 | 784c 8d74 | 2478 498b 

  0x0000020392e70570: ; ImmutableOopMap {[72]=Oop [80]=Oop [88]=Oop [112]=Oop [120]=Oop [160]=Oop }
                      ;   {section_word}
  0x0000020392e70570: d649 ba71 | 05e7 9203 | 0200 004d | 8997 c802 | 0000 4989 | a7c0 0200 

  0x0000020392e70588: ;   {external_word}
  0x0000020392e70588: 0049 bae1 | 0918 9efb | 7f00 0041 | 803a 000f | 844e 0000 | 0052 4150 

  0x0000020392e705a0: ;   {metadata({method} {0x0000000800435148} 'defineClass1' '(Ljava/lang/ClassLoader;Ljava/lang/String;[BIILjava/security/ProtectionDomain;Ljava/lang/String;)Ljava/lang/Class;' in 'java/lang/ClassLoader')}
  0x0000020392e705a0: 4151 48ba | 4051 4300 | 0800 0000 | 498b cf48 | 83ec 2040 | f6c4 0f0f | 8419 0000 | 0048 83ec 
  0x0000020392e705c0: ;   {runtime_call}
  0x0000020392e705c0: 0848 b8a0 | 06cf 9dfb | 7f00 00ff | d048 83c4 | 08e9 0c00 

  0x0000020392e705d4: ;   {runtime_call}
  0x0000020392e705d4: 0000 48b8 | a006 cf9d | fb7f 0000 | ffd0 4883 | c420 4159 | 4158 5a49 | 8d8f e002 | 0000 41c7 
  0x0000020392e705f4: 8774 0300 | 0004 0000 

  0x0000020392e705fc: ;   {runtime_call}
  0x0000020392e705fc: 0048 b8ac | 16ae c6fb | 7f00 00ff | d041 c787 | 7403 0000 | 0500 0000 | f083 4424 | c000 493b 
  0x0000020392e7061c: af78 0300 | 000f 870e | 0000 0041 | 83bf 7003 | 0000 000f | 8428 0000 | 0048 8945 | f849 8bcf 
  0x0000020392e7063c: 4c8b e448 | 83ec 2048 

  0x0000020392e70644: ;   {runtime_call}
  0x0000020392e70644: 83e4 f048 | b860 fc9b | 9dfb 7f00 | 00ff d049 | 8be4 4d33 | e448 8b45 | f841 c787 | 7403 0000 
  0x0000020392e70664: 0800 0000 | 4183 bff0 | 0300 0002 | 0f84 9c02 

  0x0000020392e70674: ;   {external_word}
  0x0000020392e70674: 0000 49ba | e109 189e | fb7f 0000 | 4180 3a00 | 0f84 4c00 | 0000 4889 

  0x0000020392e7068c: ;   {metadata({method} {0x0000000800435148} 'defineClass1' '(Ljava/lang/ClassLoader;Ljava/lang/String;[BIILjava/security/ProtectionDomain;Ljava/lang/String;)Ljava/lang/Class;' in 'java/lang/ClassLoader')}
  0x0000020392e7068c: 45f8 48ba | 4051 4300 | 0800 0000 | 498b cf48 | 83ec 2040 | f6c4 0f0f | 8419 0000 | 0048 83ec 
  0x0000020392e706ac: ;   {runtime_call}
  0x0000020392e706ac: 0848 b8a0 | 06cf 9dfb | 7f00 00ff | d048 83c4 | 08e9 0c00 

  0x0000020392e706c0: ;   {runtime_call}
  0x0000020392e706c0: 0000 48b8 | a006 cf9d | fb7f 0000 | ffd0 4883 | c420 488b | 45f8 49c7 | 87c0 0200 | 0000 0000 
  0x0000020392e706e0: 0049 c787 | c802 0000 | 0000 0000 | 4885 c00f | 84fa 0100 | 00a8 010f | 84ef 0100 | 0048 8b40 
  0x0000020392e70700: ff41 807f | 4000 0f84 | db01 0000 | 4883 f800 | 0f84 d101 | 0000 498b | 4f28 4883 | f900 0f84 
  0x0000020392e70720: 1400 0000 | 4883 e908 | 4989 4f28 | 4903 4f38 | 4889 01e9 | af01 0000 | 4881 ecd0 | 0000 0048 
  0x0000020392e70740: 8904 2448 | 894c 2408 | 4889 5424 | 1048 8974 | 2418 4889 | 7c24 204c | 8944 2428 | 4c89 4c24 
  0x0000020392e70760: 304c 8954 | 2438 4c89 | 5c24 40f2 | 0f11 4424 | 50f2 0f11 | 4c24 58f2 | 0f11 5424 | 60f2 0f11 
  0x0000020392e70780: 5c24 68f2 | 0f11 6424 | 70f2 0f11 | 6c24 78f2 | 0f11 b424 | 8000 0000 | f20f 11bc | 2488 0000 
  0x0000020392e707a0: 00f2 440f | 1184 2490 | 0000 00f2 | 440f 118c | 2498 0000 | 00f2 440f | 1194 24a0 | 0000 00f2 
  0x0000020392e707c0: 440f 119c | 24a8 0000 | 00f2 440f | 11a4 24b0 | 0000 00f2 | 440f 11ac | 24b8 0000 | 00f2 440f 
  0x0000020392e707e0: 11b4 24c0 | 0000 00f2 | 440f 11bc | 24c8 0000 | 0049 8bd7 | 488b c848 | 83ec 2040 | f6c4 0f0f 
  0x0000020392e70800: 8419 0000 | 0048 83ec 

  0x0000020392e70808: ;   {runtime_call}
  0x0000020392e70808: 0848 b800 | 3d8f 9dfb | 7f00 00ff | d048 83c4 | 08e9 0c00 

  0x0000020392e7081c: ;   {runtime_call}
  0x0000020392e7081c: 0000 48b8 | 003d 8f9d | fb7f 0000 | ffd0 4883 | c420 f244 | 0f10 bc24 | c800 0000 | f244 0f10 
  0x0000020392e7083c: b424 c000 | 0000 f244 | 0f10 ac24 | b800 0000 | f244 0f10 | a424 b000 | 0000 f244 | 0f10 9c24 
  0x0000020392e7085c: a800 0000 | f244 0f10 | 9424 a000 | 0000 f244 | 0f10 8c24 | 9800 0000 | f244 0f10 | 8424 9000 
  0x0000020392e7087c: 0000 f20f | 10bc 2488 | 0000 00f2 | 0f10 b424 | 8000 0000 | f20f 106c | 2478 f20f | 1064 2470 
  0x0000020392e7089c: f20f 105c | 2468 f20f | 1054 2460 | f20f 104c | 2458 f20f | 1044 2450 | 4c8b 5c24 | 404c 8b54 
  0x0000020392e708bc: 2438 4c8b | 4c24 304c | 8b44 2428 | 488b 7c24 | 2048 8b74 | 2418 488b | 5424 1048 | 8b4c 2408 
  0x0000020392e708dc: 488b 0424 | 4881 c4d0 | 0000 00e9 | 0300 0000 | 488b 0049 | 8b8f 5003 | 0000 c781 | 0001 0000 
  0x0000020392e708fc: 0000 0000 | c949 837f | 0800 0f85 | 0100 0000 

  0x0000020392e7090c: ;   {runtime_call StubRoutines (1)}
  0x0000020392e7090c: c3e9 ee05 | a2ff 4889 | 45f8 4c8b | e448 83ec | 2048 83e4 

  0x0000020392e70920: ;   {runtime_call}
  0x0000020392e70920: f048 b840 | 3dcf 9dfb | 7f00 00ff | d049 8be4 | 4d33 e448 | 8b45 f8e9 | 3afd ffff 
[Stub Code]
  0x0000020392e7093c: f4f4 f4f4 
[/MachCode]


Compiled method (c1)    2886  967       3       java.lang.ClassLoader::defineClass (43 bytes)
 total in heap  [0x000002038b511c90,0x000002038b5125b8] = 2344
 relocation     [0x000002038b511dd8,0x000002038b511e70] = 152
 main code      [0x000002038b511e80,0x000002038b512310] = 1168
 stub code      [0x000002038b512310,0x000002038b512388] = 120
 metadata       [0x000002038b512388,0x000002038b5123b8] = 48
 scopes data    [0x000002038b5123b8,0x000002038b5124a8] = 240
 scopes pcs     [0x000002038b5124a8,0x000002038b512588] = 224
 dependencies   [0x000002038b512588,0x000002038b512590] = 8
 nul chk table  [0x000002038b512590,0x000002038b5125b8] = 40

[Constant Pool (empty)]

[MachCode]
[Entry Point]
  # {method} {0x0000000800435470} 'defineClass' '(Ljava/lang/String;[BIILjava/security/ProtectionDomain;)Ljava/lang/Class;' in 'java/lang/ClassLoader'
  # this:     rdx:rdx   = 'java/lang/ClassLoader'
  # parm0:    r8:r8     = 'java/lang/String'
  # parm1:    r9:r9     = '[B'
  # parm2:    rdi       = int
  # parm3:    rsi       = int
  # parm4:    rcx:rcx   = 'java/security/ProtectionDomain'
  #           [sp+0xc0]  (sp of caller)
  0x000002038b511e80: 448b 5208 | 49bb 0000 | 0000 0800 | 0000 4d03 | d34c 3bd0 

  0x000002038b511e94: ;   {runtime_call ic_miss_stub}
  0x000002038b511e94: 0f85 661f | 3e07 660f | 1f44 0000 
[Verified Entry Point]
  0x000002038b511ea0: 8984 2400 | 80ff ff55 | 4881 ecb0 | 0000 0090 | 4181 7f20 | 0100 0000 

  0x000002038b511eb8: ;   {runtime_call StubRoutines (2)}
  0x000002038b511eb8: 7405 e841 | 373c 0748 | 8954 2478 

  0x000002038b511ec4: ;   {metadata(method data for {method} {0x0000000800435470} 'defineClass' '(Ljava/lang/String;[BIILjava/security/ProtectionDomain;)Ljava/lang/Class;' in 'java/lang/ClassLoader')}
  0x000002038b511ec4: 48bb d87d | e49d 0302 | 0000 8b83 | cc00 0000 | 83c0 0289 | 83cc 0000 | 0025 fe07 | 0000 83f8 
  0x000002038b511ee4: 000f 8447 | 0300 0089 | b424 9400 | 0000 89bc | 2490 0000 | 004c 898c | 2488 0000 | 0048 8bda 
  0x000002038b511f04: ;   {metadata(method data for {method} {0x0000000800435470} 'defineClass' '(Ljava/lang/String;[BIILjava/security/ProtectionDomain;)Ljava/lang/Class;' in 'java/lang/ClassLoader')}
  0x000002038b511f04: 48b8 d87d | e49d 0302 | 0000 4883 | 8010 0100 | 0001 498b | d84c 8bc3 | 4c8b c948 | 8bca 488b 
  0x000002038b511f24: d148 899c | 2480 0000 

  0x000002038b511f2c: ;   {optimized virtual_call}
  0x000002038b511f2c: 0066 90e8 

  0x000002038b511f30: ; ImmutableOopMap {[120]=Oop [128]=Oop [136]=Oop }
                      ;*invokevirtual preDefineClass {reexecute=0 rethrow=0 return_oop=0}
                      ; - java.lang.ClassLoader::defineClass@4 (line 1011)
  0x000002038b511f30: 2cc4 0200 | 4889 8424 | 9800 0000 | 488b 5424 

  0x000002038b511f40: ;   {metadata(method data for {method} {0x0000000800435470} 'defineClass' '(Ljava/lang/String;[BIILjava/security/ProtectionDomain;)Ljava/lang/Class;' in 'java/lang/ClassLoader')}
  0x000002038b511f40: 7849 b8d8 | 7de4 9d03 | 0200 0049 | 8380 4801 

  0x000002038b511f50: ;   {metadata(method data for {method} {0x00000008004351b0} 'defineClassSourceLocation' '(Ljava/security/ProtectionDomain;)Ljava/lang/String;' in 'java/lang/ClassLoader')}
  0x000002038b511f50: 0000 0149 | b8f0 84e4 | 9d03 0200 | 0041 8b90 | cc00 0000 | 83c2 0241 | 8990 cc00 | 0000 81e2 
  0x000002038b511f70: feff 1f00 | 83fa 000f | 84d6 0200 | 0048 3b00 

  0x000002038b511f80: ;   {metadata(method data for {method} {0x00000008004351b0} 'defineClassSourceLocation' '(Ljava/security/ProtectionDomain;)Ljava/lang/String;' in 'java/lang/ClassLoader')}
  0x000002038b511f80: 4c8b c048 | baf0 84e4 | 9d03 0200 | 0048 8382 | 1001 0000 | 0144 8b40 | 1049 83f8 

  0x000002038b511f9c: ;   {metadata(method data for {method} {0x00000008004351b0} 'defineClassSourceLocation' '(Ljava/security/ProtectionDomain;)Ljava/lang/String;' in 'java/lang/ClassLoader')}
  0x000002038b511f9c: 0048 baf0 | 84e4 9d03 | 0200 0048 | be58 0100 | 0000 0000 | 000f 850a | 0000 0048 | be48 0100 
  0x000002038b511fbc: 0000 0000 | 0048 8b3c | 3248 8d7f | 0148 893c | 320f 850f 

  0x000002038b511fd0: ;   {oop(NULL)}
  0x000002038b511fd0: 0000 0048 | bb00 0000 | 0000 0000 | 00e9 a501 | 0000 493b | 0049 8bd0 

  0x000002038b511fe8: ;   {metadata(method data for {method} {0x00000008004351b0} 'defineClassSourceLocation' '(Ljava/security/ProtectionDomain;)Ljava/lang/String;' in 'java/lang/ClassLoader')}
  0x000002038b511fe8: 48be f084 | e49d 0302 | 0000 4883 | 8668 0100 | 0001 418b | 500c 4883 

  0x000002038b512000: ;   {metadata(method data for {method} {0x00000008004351b0} 'defineClassSourceLocation' '(Ljava/security/ProtectionDomain;)Ljava/lang/String;' in 'java/lang/ClassLoader')}
  0x000002038b512000: fa00 48be | f084 e49d | 0302 0000 | 48bf b001 | 0000 0000 | 0000 0f85 | 0a00 0000 | 48bf a001 
  0x000002038b512020: 0000 0000 | 0000 488b | 1c3e 488d | 5b01 4889 | 1c3e 0f85 | 0f00 0000 

  0x000002038b512038: ;   {oop(NULL)}
  0x000002038b512038: 48bb 0000 | 0000 0000 | 0000 e940 

  0x000002038b512044: ;   {metadata(method data for {method} {0x00000008004351b0} 'defineClassSourceLocation' '(Ljava/security/ProtectionDomain;)Ljava/lang/String;' in 'java/lang/ClassLoader')}
  0x000002038b512044: 0100 0048 | bef0 84e4 | 9d03 0200 | 0048 8386 | c001 0000 | 0148 3b02 

  0x000002038b51205c: ;   {metadata(method data for {method} {0x00000008004351b0} 'defineClassSourceLocation' '(Ljava/security/ProtectionDomain;)Ljava/lang/String;' in 'java/lang/ClassLoader')}
  0x000002038b51205c: 4c8b c248 | bef0 84e4 | 9d03 0200 | 0048 8386 | f801 0000 

  0x000002038b512070: ;   {metadata(method data for {method} {0x000000080001b3e0} 'toString' '()Ljava/lang/String;' in 'java/net/URL')}
  0x000002038b512070: 0149 b828 | c0e3 9d03 | 0200 0041 | 8bb0 cc00 | 0000 83c6 | 0241 89b0 | cc00 0000 | 81e6 feff 
  0x000002038b512090: 1f00 83fe | 000f 84e8 | 0100 004c 

  0x000002038b51209c: ;   {metadata(method data for {method} {0x000000080001b3e0} 'toString' '()Ljava/lang/String;' in 'java/net/URL')}
  0x000002038b51209c: 8bc2 48be | 28c0 e39d | 0302 0000 | 4883 8610 | 0100 0001 

  0x000002038b5120b0: ;   {metadata(method data for {method} {0x0000000800428ca8} 'toExternalForm' '()Ljava/lang/String;' in 'java/net/URL')}
  0x000002038b5120b0: 49b8 b017 | e39d 0302 | 0000 418b | b0cc 0000 | 0083 c602 | 4189 b0cc | 0000 0081 | e6fe ff1f 
  0x000002038b5120d0: 0083 fe00 | 0f84 ca01 | 0000 8b72 | 3848 3b06 

  0x000002038b5120e0: ;   {metadata(method data for {method} {0x0000000800428ca8} 'toExternalForm' '()Ljava/lang/String;' in 'java/net/URL')}
  0x000002038b5120e0: 4c8b c648 | bfb0 17e3 | 9d03 0200 | 0045 8b40 | 0849 ba00 | 0000 0008 | 0000 004d | 03c2 4c3b 
  0x000002038b512100: 8720 0100 | 0075 0d48 | 8387 2801 | 0000 01e9 | 6000 0000 | 4c3b 8730 | 0100 0075 | 0d48 8387 
  0x000002038b512120: 3801 0000 | 01e9 4a00 | 0000 4883 | bf20 0100 | 0000 7517 | 4c89 8720 | 0100 0048 | c787 2801 
  0x000002038b512140: 0000 0100 | 0000 e929 | 0000 0048 | 83bf 3001 | 0000 0075 | 174c 8987 | 3001 0000 | 48c7 8738 
  0x000002038b512160: 0100 0001 | 0000 00e9 | 0800 0000 | 4883 8710 | 0100 0001 | 4c8b c248 | 8bd6 0f1f 

  0x000002038b51217c: ;   {optimized virtual_call}
  0x000002038b51217c: 4400 00e8 

  0x000002038b512180: ; ImmutableOopMap {[120]=Oop [128]=Oop [136]=Oop [152]=Oop }
                      ;*invokevirtual toExternalForm {reexecute=0 rethrow=0 return_oop=0}
                      ; - java.net.URL::toExternalForm@5 (line 1195)
                      ; - java.net.URL::toString@1 (line 1181)
                      ; - java.lang.ClassLoader::defineClassSourceLocation@22 (line 913)
                      ; - java.lang.ClassLoader::defineClass@12 (line 1012)
  0x000002038b512180: 5cc4 0000 | 488b d848 | 8b84 2498 | 0000 008b | b424 9400 | 0000 8bbc | 2490 0000 | 004c 8b8c 
  0x000002038b5121a0: 2488 0000 | 004c 8b84 | 2480 0000 | 0048 8b54 

  0x000002038b5121b0: ;   {metadata(method data for {method} {0x0000000800435470} 'defineClass' '(Ljava/lang/String;[BIILjava/security/ProtectionDomain;)Ljava/lang/Class;' in 'java/lang/ClassLoader')}
  0x000002038b5121b0: 2478 48b9 | d87d e49d | 0302 0000 | 4883 8180 | 0100 0001 | 4c8b da49 | 8bd3 488b | c848 891c 
  0x000002038b5121d0: 2466 0f1f 

  0x000002038b5121d4: ;   {static_call}
  0x000002038b5121d4: 4400 00e8 

  0x000002038b5121d8: ; ImmutableOopMap {[120]=Oop [152]=Oop }
                      ;*invokestatic defineClass1 {reexecute=0 rethrow=0 return_oop=0}
                      ; - java.lang.ClassLoader::defineClass@27 (line 1013)
  0x000002038b5121d8: e4e2 9507 | 488b 5424 

  0x000002038b5121e0: ;   {metadata(method data for {method} {0x0000000800435470} 'defineClass' '(Ljava/lang/String;[BIILjava/security/ProtectionDomain;)Ljava/lang/Class;' in 'java/lang/ClassLoader')}
  0x000002038b5121e0: 7849 b8d8 | 7de4 9d03 | 0200 0049 | 8380 9001 | 0000 014c | 8bc0 4c8b | 8c24 9800 | 0000 488b 
  0x000002038b512200: 5424 7848 | 8984 24a0 | 0000 000f 

  0x000002038b51220c: ;   {optimized virtual_call}
  0x000002038b51220c: 1f40 00e8 

  0x000002038b512210: ; ImmutableOopMap {[160]=Oop }
                      ;*invokevirtual postDefineClass {reexecute=0 rethrow=0 return_oop=0}
                      ; - java.lang.ClassLoader::defineClass@37 (line 1014)
  0x000002038b512210: 6c4d 0200 | 488b 8424 | a000 0000 | 4881 c4b0 | 0000 005d 

  0x000002038b512224: ;   {poll_return}
  0x000002038b512224: 493b a778 | 0300 000f | 8799 0000 

  0x000002038b512230: ;   {metadata({method} {0x0000000800435470} 'defineClass' '(Ljava/lang/String;[BIILjava/security/ProtectionDomain;)Ljava/lang/Class;' in 'java/lang/ClassLoader')}
  0x000002038b512230: 00c3 49ba | 6854 4300 | 0800 0000 | 4c89 5424 | 0848 c704 | 24ff ffff 

  0x000002038b512248: ;   {runtime_call counter_overflow Runtime1 stub}
  0x000002038b512248: ffe8 3208 

  0x000002038b51224c: ; ImmutableOopMap {rdx=Oop r8=Oop r9=Oop rcx=Oop [120]=Oop }
                      ;*synchronization entry
                      ; - java.lang.ClassLoader::defineClass@-1 (line 1011)
  0x000002038b51224c: 4a07 e998 

  0x000002038b512250: ;   {metadata({method} {0x00000008004351b0} 'defineClassSourceLocation' '(Ljava/security/ProtectionDomain;)Ljava/lang/String;' in 'java/lang/ClassLoader')}
  0x000002038b512250: fcff ff49 | baa8 5143 | 0008 0000 | 004c 8954 | 2408 48c7 | 0424 ffff 

  0x000002038b512268: ;   {runtime_call counter_overflow Runtime1 stub}
  0x000002038b512268: ffff e811 

  0x000002038b51226c: ; ImmutableOopMap {rax=Oop [120]=Oop [128]=Oop [136]=Oop [152]=Oop }
                      ;*synchronization entry
                      ; - java.lang.ClassLoader::defineClassSourceLocation@-1 (line 910)
                      ; - java.lang.ClassLoader::defineClass@12 (line 1012)
  0x000002038b51226c: 084a 07e9 | 09fd ffff 

  0x000002038b512274: ;   {runtime_call throw_null_pointer_exception Runtime1 stub}
  0x000002038b512274: e807 b749 

  0x000002038b512278: ; ImmutableOopMap {rax=Oop [120]=Oop [128]=Oop [136]=Oop [152]=Oop }
                      ;*invokevirtual getCodeSource {reexecute=0 rethrow=0 return_oop=0}
                      ; - java.lang.ClassLoader::defineClassSourceLocation@1 (line 910)
                      ; - java.lang.ClassLoader::defineClass@12 (line 1012)
                      ;   {runtime_call throw_null_pointer_exception Runtime1 stub}
  0x000002038b512278: 07e8 02b7 

  0x000002038b51227c: ; ImmutableOopMap {rax=Oop r8=Oop [120]=Oop [128]=Oop [136]=Oop [152]=Oop }
                      ;*invokevirtual getLocation {reexecute=0 rethrow=0 return_oop=0}
                      ; - java.lang.ClassLoader::defineClassSourceLocation@12 (line 912)
                      ; - java.lang.ClassLoader::defineClass@12 (line 1012)
                      ;   {runtime_call throw_null_pointer_exception Runtime1 stub}
  0x000002038b51227c: 4907 e8fd 

  0x000002038b512280: ; ImmutableOopMap {rdx=Oop [120]=Oop [128]=Oop [136]=Oop [152]=Oop }
                      ;*invokevirtual toString {reexecute=0 rethrow=0 return_oop=0}
                      ; - java.lang.ClassLoader::defineClassSourceLocation@22 (line 913)
                      ; - java.lang.ClassLoader::defineClass@12 (line 1012)
                      ;   {metadata({method} {0x000000080001b3e0} 'toString' '()Ljava/lang/String;' in 'java/net/URL')}
  0x000002038b512280: b649 0749 | bad8 b301 | 0008 0000 | 004c 8954 | 2408 48c7 | 0424 ffff 

  0x000002038b512298: ;   {runtime_call counter_overflow Runtime1 stub}
  0x000002038b512298: ffff e8e1 

  0x000002038b51229c: ; ImmutableOopMap {rdx=Oop [120]=Oop [128]=Oop [136]=Oop [152]=Oop }
                      ;*synchronization entry
                      ; - java.net.URL::toString@-1 (line 1181)
                      ; - java.lang.ClassLoader::defineClassSourceLocation@22 (line 913)
                      ; - java.lang.ClassLoader::defineClass@12 (line 1012)
  0x000002038b51229c: 074a 07e9 | f7fd ffff 

  0x000002038b5122a4: ;   {metadata({method} {0x0000000800428ca8} 'toExternalForm' '()Ljava/lang/String;' in 'java/net/URL')}
  0x000002038b5122a4: 49ba a08c | 4200 0800 | 0000 4c89 | 5424 0848 | c704 24ff 

  0x000002038b5122b8: ;   {runtime_call counter_overflow Runtime1 stub}
  0x000002038b5122b8: ffff ffe8 

  0x000002038b5122bc: ; ImmutableOopMap {rdx=Oop [120]=Oop [128]=Oop [136]=Oop [152]=Oop }
                      ;*synchronization entry
                      ; - java.net.URL::toExternalForm@-1 (line 1195)
                      ; - java.net.URL::toString@1 (line 1181)
                      ; - java.lang.ClassLoader::defineClassSourceLocation@22 (line 913)
                      ; - java.lang.ClassLoader::defineClass@12 (line 1012)
  0x000002038b5122bc: c007 4a07 | e915 feff 

  0x000002038b5122c4: ;   {runtime_call throw_null_pointer_exception Runtime1 stub}
  0x000002038b5122c4: ffe8 b6b6 

  0x000002038b5122c8: ; ImmutableOopMap {rdx=Oop rsi=Oop [120]=Oop [128]=Oop [136]=Oop [152]=Oop }
                      ;*invokevirtual toExternalForm {reexecute=0 rethrow=0 return_oop=0}
                      ; - java.net.URL::toExternalForm@5 (line 1195)
                      ; - java.net.URL::toString@1 (line 1181)
                      ; - java.lang.ClassLoader::defineClassSourceLocation@22 (line 913)
                      ; - java.lang.ClassLoader::defineClass@12 (line 1012)
                      ;   {internal_word}
  0x000002038b5122c8: 4907 49ba | 2422 518b | 0302 0000 | 4d89 9790 

  0x000002038b5122d8: ;   {runtime_call SafepointBlob}
  0x000002038b5122d8: 0300 00e9 | 2086 3e07 | 498b 8728 | 0400 0049 | c787 2804 | 0000 0000 | 0000 49c7 | 8730 0400 
  0x000002038b5122f8: 0000 0000 | 0048 81c4 | b000 0000 

  0x000002038b512304: ;   {runtime_call unwind_exception Runtime1 stub}
  0x000002038b512304: 5de9 76a7 | 4907 f4f4 | f4f4 f4f4 
[Stub Code]
  0x000002038b512310: ;   {no_reloc}
  0x000002038b512310: 0f1f 4400 

  0x000002038b512314: ;   {static_stub}
  0x000002038b512314: 0048 bb40 | 1117 0008 

  0x000002038b51231c: ;   {runtime_call I2C/C2I adapters}
  0x000002038b51231c: 0000 00e9 | 3375 3e07 
[Exception Handler]
  0x000002038b512324: ;   {runtime_call handle_exception_from_callee Runtime1 stub}
  0x000002038b512324: e857 d449 

  0x000002038b512328: ;   {external_word}
  0x000002038b512328: 0748 b9b0 | 23f2 9dfb | 7f00 0048 

  0x000002038b512334: ;   {runtime_call}
  0x000002038b512334: 83e4 f048 | b820 16be | 9dfb 7f00 | 00ff d0f4 
[Deopt Handler Code]
  0x000002038b512344: ;   {section_word}
  0x000002038b512344: 49ba 4423 | 518b 0302 | 0000 4152 

  0x000002038b512350: ;   {runtime_call DeoptimizationBlob}
  0x000002038b512350: e9cb 7e3e 

  0x000002038b512354: ;   {static_stub}
  0x000002038b512354: 0748 bb00 | 5243 0008 

  0x000002038b51235c: ;   {runtime_call I2C/C2I adapters}
  0x000002038b51235c: 0000 00e9 | 77e0 3d07 

  0x000002038b512364: ;   {static_stub}
  0x000002038b512364: 48bb 4051 | 4300 0800 

  0x000002038b51236c: ;   {runtime_call I2C/C2I adapters}
  0x000002038b51236c: 0000 e9ff 

  0x000002038b512370: ;   {static_stub}
  0x000002038b512370: 683d 0748 | bbe8 5043 | 0008 0000 

  0x000002038b51237c: ;   {runtime_call I2C/C2I adapters}
  0x000002038b51237c: 00e9 59e0 | 3d07 f4f4 | f4f4 f4f4 
[/MachCode]


Compiled method (c1)    2904 1040       3       java.security.SecureClassLoader::defineClass (16 bytes)
 total in heap  [0x000002038b544610,0x000002038b5449e0] = 976
 relocation     [0x000002038b544758,0x000002038b5447a0] = 72
 main code      [0x000002038b5447a0,0x000002038b5448e8] = 328
 stub code      [0x000002038b5448e8,0x000002038b544938] = 80
 metadata       [0x000002038b544938,0x000002038b544940] = 8
 scopes data    [0x000002038b544940,0x000002038b544988] = 72
 scopes pcs     [0x000002038b544988,0x000002038b5449d8] = 80
 dependencies   [0x000002038b5449d8,0x000002038b5449e0] = 8

[Constant Pool (empty)]

[MachCode]
[Entry Point]
  # {method} {0x000000080004dc48} 'defineClass' '(Ljava/lang/String;[BIILjava/security/CodeSource;)Ljava/lang/Class;' in 'java/security/SecureClassLoader'
  # this:     rdx:rdx   = 'java/security/SecureClassLoader'
  # parm0:    r8:r8     = 'java/lang/String'
  # parm1:    r9:r9     = '[B'
  # parm2:    rdi       = int
  # parm3:    rsi       = int
  # parm4:    rcx:rcx   = 'java/security/CodeSource'
  #           [sp+0x80]  (sp of caller)
  0x000002038b5447a0: 448b 5208 | 49bb 0000 | 0000 0800 | 0000 4d03 | d34c 3bd0 

  0x000002038b5447b4: ;   {runtime_call ic_miss_stub}
  0x000002038b5447b4: 0f85 46f6 | 3a07 660f | 1f44 0000 
[Verified Entry Point]
  0x000002038b5447c0: 8984 2400 | 80ff ff55 | 4883 ec70 | 4181 7f20 | 0100 0000 

  0x000002038b5447d4: ;   {runtime_call StubRoutines (2)}
  0x000002038b5447d4: 7405 e825 

  0x000002038b5447d8: ;   {metadata(method data for {method} {0x000000080004dc48} 'defineClass' '(Ljava/lang/String;[BIILjava/security/CodeSource;)Ljava/lang/Class;' in 'java/security/SecureClassLoader')}
  0x000002038b5447d8: 0e39 0748 | bb30 e3e4 | 9d03 0200 | 008b 83cc | 0000 0083 | c002 8983 | cc00 0000 | 25fe 0700 
  0x000002038b5447f8: 0083 f800 | 0f84 8500 | 0000 8974 | 245c 897c | 2458 4c89 | 4c24 504c | 8944 2448 

  0x000002038b544814: ;   {metadata(method data for {method} {0x000000080004dc48} 'defineClass' '(Ljava/lang/String;[BIILjava/security/CodeSource;)Ljava/lang/Class;' in 'java/security/SecureClassLoader')}
  0x000002038b544814: 488b da48 | b830 e3e4 | 9d03 0200 | 0048 8380 | 1001 0000 | 014c 8bc1 | 488b c248 | 8bd0 4889 
  0x000002038b544834: ;   {optimized virtual_call}
  0x000002038b544834: 4424 40e8 

  0x000002038b544838: ; ImmutableOopMap {[64]=Oop [72]=Oop [80]=Oop }
                      ;*invokevirtual getProtectionDomain {reexecute=0 rethrow=0 return_oop=0}
                      ; - java.security.SecureClassLoader::defineClass@9 (line 150)
  0x000002038b544838: e4a1 fcff | 488b 5424 

  0x000002038b544840: ;   {metadata(method data for {method} {0x000000080004dc48} 'defineClass' '(Ljava/lang/String;[BIILjava/security/CodeSource;)Ljava/lang/Class;' in 'java/security/SecureClassLoader')}
  0x000002038b544840: 4049 b830 | e3e4 9d03 | 0200 0049 | 8380 4801 | 0000 014c | 8b44 2448 | 4c8b 4c24 | 508b 7c24 
  0x000002038b544860: 588b 7424 | 5c48 8bc8 | 488b 5424 

  0x000002038b54486c: ;   {optimized virtual_call}
  0x000002038b54486c: 4066 90e8 

  0x000002038b544870: ; ImmutableOopMap {}
                      ;*invokevirtual defineClass {reexecute=0 rethrow=0 return_oop=0}
                      ; - java.security.SecureClassLoader::defineClass@12 (line 150)
  0x000002038b544870: 2cd6 fcff | 4883 c470 

  0x000002038b544878: ;   {poll_return}
  0x000002038b544878: 5d49 3ba7 | 7803 0000 | 0f87 2200 

  0x000002038b544884: ;   {metadata({method} {0x000000080004dc48} 'defineClass' '(Ljava/lang/String;[BIILjava/security/CodeSource;)Ljava/lang/Class;' in 'java/security/SecureClassLoader')}
  0x000002038b544884: 0000 c349 | ba40 dc04 | 0008 0000 | 004c 8954 | 2408 48c7 | 0424 ffff 

  0x000002038b54489c: ;   {runtime_call counter_overflow Runtime1 stub}
  0x000002038b54489c: ffff e8dd 

  0x000002038b5448a0: ; ImmutableOopMap {rdx=Oop r8=Oop r9=Oop rcx=Oop }
                      ;*synchronization entry
                      ; - java.security.SecureClassLoader::defineClass@-1 (line 150)
  0x000002038b5448a0: e146 07e9 | 5aff ffff 

  0x000002038b5448a8: ;   {internal_word}
  0x000002038b5448a8: 49ba 7948 | 548b 0302 | 0000 4d89 | 9790 0300 

  0x000002038b5448b8: ;   {runtime_call SafepointBlob}
  0x000002038b5448b8: 00e9 4260 | 3b07 498b | 8728 0400 | 0049 c787 | 2804 0000 | 0000 0000 | 49c7 8730 | 0400 0000 
  0x000002038b5448d8: 0000 0048 | 83c4 705d 

  0x000002038b5448e0: ;   {runtime_call unwind_exception Runtime1 stub}
  0x000002038b5448e0: e99b 8146 | 07f4 f4f4 
[Exception Handler]
  0x000002038b5448e8: ;   {no_reloc}
  0x000002038b5448e8: e893 ae46 

  0x000002038b5448ec: ;   {external_word}
  0x000002038b5448ec: 0748 b9b0 | 23f2 9dfb | 7f00 0048 

  0x000002038b5448f8: ;   {runtime_call}
  0x000002038b5448f8: 83e4 f048 | b820 16be | 9dfb 7f00 | 00ff d0f4 
[Deopt Handler Code]
  0x000002038b544908: ;   {section_word}
  0x000002038b544908: 49ba 0849 | 548b 0302 | 0000 4152 

  0x000002038b544914: ;   {runtime_call DeoptimizationBlob}
  0x000002038b544914: e907 593b 

  0x000002038b544918: ;   {static_stub}
  0x000002038b544918: 0748 bb00 | 0000 0000 

  0x000002038b544920: ;   {runtime_call}
  0x000002038b544920: 0000 00e9 | fbff ffff 

  0x000002038b544928: ;   {static_stub}
  0x000002038b544928: 48bb 0000 | 0000 0000 

  0x000002038b544930: ;   {runtime_call}
  0x000002038b544930: 0000 e9fb | ffff fff4 
[/MachCode]


---------------  P R O C E S S  ---------------

Threads class SMR info:
_java_thread_list=0x00000203a1d7f3c0, length=12, elements={
0x000002038329f330, 0x000002038336e160, 0x000002039d82ffe0, 0x000002039d833eb0,
0x000002039d835960, 0x000002039d8376b0, 0x000002039d838fa0, 0x000002039d83a3b0,
0x000002039d8480e0, 0x000002039d82ca00, 0x00000203a1dac470, 0x00000203a1db30a0
}

Java Threads: ( => current thread )
=>0x000002038329f330 JavaThread "main" [_thread_in_vm, id=3820, stack(0x000000c4b6800000,0x000000c4b6900000)]
  0x000002038336e160 JavaThread "Reference Handler" daemon [_thread_blocked, id=12112, stack(0x000000c4b6f00000,0x000000c4b7000000)]
  0x000002039d82ffe0 JavaThread "Finalizer" daemon [_thread_blocked, id=11880, stack(0x000000c4b7000000,0x000000c4b7100000)]
  0x000002039d833eb0 JavaThread "Signal Dispatcher" daemon [_thread_blocked, id=11732, stack(0x000000c4b7100000,0x000000c4b7200000)]
  0x000002039d835960 JavaThread "Attach Listener" daemon [_thread_blocked, id=7280, stack(0x000000c4b7200000,0x000000c4b7300000)]
  0x000002039d8376b0 JavaThread "Service Thread" daemon [_thread_blocked, id=4960, stack(0x000000c4b7300000,0x000000c4b7400000)]
  0x000002039d838fa0 JavaThread "Monitor Deflation Thread" daemon [_thread_blocked, id=6696, stack(0x000000c4b7400000,0x000000c4b7500000)]
  0x000002039d83a3b0 JavaThread "C2 CompilerThread0" daemon [_thread_blocked, id=10988, stack(0x000000c4b7500000,0x000000c4b7600000)]
  0x000002039d8480e0 JavaThread "C1 CompilerThread0" daemon [_thread_blocked, id=10692, stack(0x000000c4b7600000,0x000000c4b7700000)]
  0x000002039d82ca00 JavaThread "Common-Cleaner" daemon [_thread_blocked, id=6488, stack(0x000000c4b7700000,0x000000c4b7800000)]
  0x00000203a1dac470 JavaThread "Monitor Ctrl-Break" daemon [_thread_in_native, id=9208, stack(0x000000c4b7800000,0x000000c4b7900000)]
  0x00000203a1db30a0 JavaThread "Notification Thread" daemon [_thread_blocked, id=12088, stack(0x000000c4b7900000,0x000000c4b7a00000)]

Other Threads:
  0x000002038335a1d0 VMThread "VM Thread" [stack: 0x000000c4b6e00000,0x000000c4b6f00000] [id=9472]
  0x00000203a1d9d1e0 WatcherThread "VM Periodic Task Thread" [stack: 0x000000c4b7a00000,0x000000c4b7b00000] [id=8396]
  0x00000203832de030 WorkerThread "GC Thread#0" [stack: 0x000000c4b6900000,0x000000c4b6a00000] [id=8856]
  0x00000203a20220b0 WorkerThread "GC Thread#1" [stack: 0x000000c4b7b00000,0x000000c4b7c00000] [id=12244]
  0x00000203832e6ad0 ConcurrentGCThread "G1 Main Marker" [stack: 0x000000c4b6a00000,0x000000c4b6b00000] [id=9484]
  0x00000203832e75b0 WorkerThread "G1 Conc#0" [stack: 0x000000c4b6b00000,0x000000c4b6c00000] [id=7792]
  0x00000203833340f0 ConcurrentGCThread "G1 Refine#0" [stack: 0x000000c4b6c00000,0x000000c4b6d00000] [id=10456]
  0x0000020383334aa0 ConcurrentGCThread "G1 Service" [stack: 0x000000c4b6d00000,0x000000c4b6e00000] [id=11480]

Threads with active compile tasks:

VM state: not at safepoint (normal execution)

VM Mutex/Monitor currently owned by a thread:  ([mutex/lock_event])
[0x0000020381143960] Metaspace_lock - owner thread: 0x000002038329f330

Heap address: 0x00000000c1c00000, size: 996 MB, Compressed Oops mode: 32-bit

CDS archive(s) mapped at: [0x0000000800000000-0x0000000800c60000-0x0000000800c60000), size 12976128, SharedBaseAddress: 0x0000000800000000, ArchiveRelocationMode: 0.
Compressed class space mapped at: 0x0000000801000000-0x0000000841000000, reserved size: 1073741824
Narrow klass base: 0x0000000800000000, Narrow klass shift: 0, Narrow klass range: 0x100000000

GC Precious Log:
 CardTable entry size: 512
 Card Set container configuration: InlinePtr #cards 5 size 8 Array Of Cards #cards 12 size 40 Howl #buckets 4 coarsen threshold 1843 Howl Bitmap #cards 512 size 80 coarsen threshold 460 Card regions per heap region 1 cards per card region 2048
 CPUs: 2 total, 2 available
 Memory: 3979M
 Large Page Support: Disabled
 NUMA Support: Disabled
 Compressed Oops: Enabled (32-bit)
 Heap Region Size: 1M
 Heap Min Capacity: 8M
 Heap Initial Capacity: 64M
 Heap Max Capacity: 996M
 Pre-touch: Disabled
 Parallel Workers: 2
 Concurrent Workers: 1
 Concurrent Refinement Workers: 2
 Periodic GC: Disabled

Heap:
 garbage-first heap   total 65536K, used 28841K [0x00000000c1c00000, 0x0000000100000000)
  region size 1024K, 27 young (27648K), 3 survivors (3072K)
 Metaspace       used 12159K, committed 12416K, reserved 1114112K
  class space    used 1424K, committed 1536K, reserved 1048576K

Heap Regions: E=young(eden), S=young(survivor), O=old, HS=humongous(starts), HC=humongous(continues), CS=collection set, F=free, OA=open archive, CA=closed archive, TAMS=top-at-mark-start, PB=parsable bottom
|   0|0x00000000c1c00000, 0x00000000c1d00000, 0x00000000c1d00000|100%| O|  |TAMS 0x00000000c1c00000| PB 0x00000000c1c00000| Untracked 
|   1|0x00000000c1d00000, 0x00000000c1e00000, 0x00000000c1e00000|100%| O|  |TAMS 0x00000000c1d00000| PB 0x00000000c1d00000| Untracked 
|   2|0x00000000c1e00000, 0x00000000c1eec200, 0x00000000c1f00000| 92%| O|  |TAMS 0x00000000c1e00000| PB 0x00000000c1e00000| Untracked 
|   3|0x00000000c1f00000, 0x00000000c1f00000, 0x00000000c2000000|  0%| F|  |TAMS 0x00000000c1f00000| PB 0x00000000c1f00000| Untracked 
|   4|0x00000000c2000000, 0x00000000c2000000, 0x00000000c2100000|  0%| F|  |TAMS 0x00000000c2000000| PB 0x00000000c2000000| Untracked 
|   5|0x00000000c2100000, 0x00000000c2100000, 0x00000000c2200000|  0%| F|  |TAMS 0x00000000c2100000| PB 0x00000000c2100000| Untracked 
|   6|0x00000000c2200000, 0x00000000c2200000, 0x00000000c2300000|  0%| F|  |TAMS 0x00000000c2200000| PB 0x00000000c2200000| Untracked 
|   7|0x00000000c2300000, 0x00000000c2300000, 0x00000000c2400000|  0%| F|  |TAMS 0x00000000c2300000| PB 0x00000000c2300000| Untracked 
|   8|0x00000000c2400000, 0x00000000c2400000, 0x00000000c2500000|  0%| F|  |TAMS 0x00000000c2400000| PB 0x00000000c2400000| Untracked 
|   9|0x00000000c2500000, 0x00000000c2500000, 0x00000000c2600000|  0%| F|  |TAMS 0x00000000c2500000| PB 0x00000000c2500000| Untracked 
|  10|0x00000000c2600000, 0x00000000c2600000, 0x00000000c2700000|  0%| F|  |TAMS 0x00000000c2600000| PB 0x00000000c2600000| Untracked 
|  11|0x00000000c2700000, 0x00000000c2700000, 0x00000000c2800000|  0%| F|  |TAMS 0x00000000c2700000| PB 0x00000000c2700000| Untracked 
|  12|0x00000000c2800000, 0x00000000c2800000, 0x00000000c2900000|  0%| F|  |TAMS 0x00000000c2800000| PB 0x00000000c2800000| Untracked 
|  13|0x00000000c2900000, 0x00000000c2900000, 0x00000000c2a00000|  0%| F|  |TAMS 0x00000000c2900000| PB 0x00000000c2900000| Untracked 
|  14|0x00000000c2a00000, 0x00000000c2a00000, 0x00000000c2b00000|  0%| F|  |TAMS 0x00000000c2a00000| PB 0x00000000c2a00000| Untracked 
|  15|0x00000000c2b00000, 0x00000000c2b00000, 0x00000000c2c00000|  0%| F|  |TAMS 0x00000000c2b00000| PB 0x00000000c2b00000| Untracked 
|  16|0x00000000c2c00000, 0x00000000c2c00000, 0x00000000c2d00000|  0%| F|  |TAMS 0x00000000c2c00000| PB 0x00000000c2c00000| Untracked 
|  17|0x00000000c2d00000, 0x00000000c2d00000, 0x00000000c2e00000|  0%| F|  |TAMS 0x00000000c2d00000| PB 0x00000000c2d00000| Untracked 
|  18|0x00000000c2e00000, 0x00000000c2e00000, 0x00000000c2f00000|  0%| F|  |TAMS 0x00000000c2e00000| PB 0x00000000c2e00000| Untracked 
|  19|0x00000000c2f00000, 0x00000000c2f00000, 0x00000000c3000000|  0%| F|  |TAMS 0x00000000c2f00000| PB 0x00000000c2f00000| Untracked 
|  20|0x00000000c3000000, 0x00000000c3000000, 0x00000000c3100000|  0%| F|  |TAMS 0x00000000c3000000| PB 0x00000000c3000000| Untracked 
|  21|0x00000000c3100000, 0x00000000c3100000, 0x00000000c3200000|  0%| F|  |TAMS 0x00000000c3100000| PB 0x00000000c3100000| Untracked 
|  22|0x00000000c3200000, 0x00000000c3200000, 0x00000000c3300000|  0%| F|  |TAMS 0x00000000c3200000| PB 0x00000000c3200000| Untracked 
|  23|0x00000000c3300000, 0x00000000c3300000, 0x00000000c3400000|  0%| F|  |TAMS 0x00000000c3300000| PB 0x00000000c3300000| Untracked 
|  24|0x00000000c3400000, 0x00000000c3400000, 0x00000000c3500000|  0%| F|  |TAMS 0x00000000c3400000| PB 0x00000000c3400000| Untracked 
|  25|0x00000000c3500000, 0x00000000c3500000, 0x00000000c3600000|  0%| F|  |TAMS 0x00000000c3500000| PB 0x00000000c3500000| Untracked 
|  26|0x00000000c3600000, 0x00000000c3600000, 0x00000000c3700000|  0%| F|  |TAMS 0x00000000c3600000| PB 0x00000000c3600000| Untracked 
|  27|0x00000000c3700000, 0x00000000c3700000, 0x00000000c3800000|  0%| F|  |TAMS 0x00000000c3700000| PB 0x00000000c3700000| Untracked 
|  28|0x00000000c3800000, 0x00000000c3800000, 0x00000000c3900000|  0%| F|  |TAMS 0x00000000c3800000| PB 0x00000000c3800000| Untracked 
|  29|0x00000000c3900000, 0x00000000c3900000, 0x00000000c3a00000|  0%| F|  |TAMS 0x00000000c3900000| PB 0x00000000c3900000| Untracked 
|  30|0x00000000c3a00000, 0x00000000c3a00000, 0x00000000c3b00000|  0%| F|  |TAMS 0x00000000c3a00000| PB 0x00000000c3a00000| Untracked 
|  31|0x00000000c3b00000, 0x00000000c3b00000, 0x00000000c3c00000|  0%| F|  |TAMS 0x00000000c3b00000| PB 0x00000000c3b00000| Untracked 
|  32|0x00000000c3c00000, 0x00000000c3c00000, 0x00000000c3d00000|  0%| F|  |TAMS 0x00000000c3c00000| PB 0x00000000c3c00000| Untracked 
|  33|0x00000000c3d00000, 0x00000000c3d00000, 0x00000000c3e00000|  0%| F|  |TAMS 0x00000000c3d00000| PB 0x00000000c3d00000| Untracked 
|  34|0x00000000c3e00000, 0x00000000c3e00000, 0x00000000c3f00000|  0%| F|  |TAMS 0x00000000c3e00000| PB 0x00000000c3e00000| Untracked 
|  35|0x00000000c3f00000, 0x00000000c3f00000, 0x00000000c4000000|  0%| F|  |TAMS 0x00000000c3f00000| PB 0x00000000c3f00000| Untracked 
|  36|0x00000000c4000000, 0x00000000c4000000, 0x00000000c4100000|  0%| F|  |TAMS 0x00000000c4000000| PB 0x00000000c4000000| Untracked 
|  37|0x00000000c4100000, 0x00000000c41ccc08, 0x00000000c4200000| 79%| E|  |TAMS 0x00000000c4100000| PB 0x00000000c4100000| Complete 
|  38|0x00000000c4200000, 0x00000000c4300000, 0x00000000c4300000|100%| E|CS|TAMS 0x00000000c4200000| PB 0x00000000c4200000| Complete 
|  39|0x00000000c4300000, 0x00000000c4400000, 0x00000000c4400000|100%| E|CS|TAMS 0x00000000c4300000| PB 0x00000000c4300000| Complete 
|  40|0x00000000c4400000, 0x00000000c4500000, 0x00000000c4500000|100%| E|CS|TAMS 0x00000000c4400000| PB 0x00000000c4400000| Complete 
|  41|0x00000000c4500000, 0x00000000c4600000, 0x00000000c4600000|100%| E|CS|TAMS 0x00000000c4500000| PB 0x00000000c4500000| Complete 
|  42|0x00000000c4600000, 0x00000000c4700000, 0x00000000c4700000|100%| E|CS|TAMS 0x00000000c4600000| PB 0x00000000c4600000| Complete 
|  43|0x00000000c4700000, 0x00000000c4800000, 0x00000000c4800000|100%| E|CS|TAMS 0x00000000c4700000| PB 0x00000000c4700000| Complete 
|  44|0x00000000c4800000, 0x00000000c483e248, 0x00000000c4900000| 24%| S|CS|TAMS 0x00000000c4800000| PB 0x00000000c4800000| Complete 
|  45|0x00000000c4900000, 0x00000000c4a00000, 0x00000000c4a00000|100%| S|CS|TAMS 0x00000000c4900000| PB 0x00000000c4900000| Complete 
|  46|0x00000000c4a00000, 0x00000000c4b00000, 0x00000000c4b00000|100%| S|CS|TAMS 0x00000000c4a00000| PB 0x00000000c4a00000| Complete 
|  47|0x00000000c4b00000, 0x00000000c4c00000, 0x00000000c4c00000|100%| E|CS|TAMS 0x00000000c4b00000| PB 0x00000000c4b00000| Complete 
|  48|0x00000000c4c00000, 0x00000000c4d00000, 0x00000000c4d00000|100%| E|CS|TAMS 0x00000000c4c00000| PB 0x00000000c4c00000| Complete 
|  49|0x00000000c4d00000, 0x00000000c4e00000, 0x00000000c4e00000|100%| E|CS|TAMS 0x00000000c4d00000| PB 0x00000000c4d00000| Complete 
|  50|0x00000000c4e00000, 0x00000000c4f00000, 0x00000000c4f00000|100%| E|CS|TAMS 0x00000000c4e00000| PB 0x00000000c4e00000| Complete 
|  51|0x00000000c4f00000, 0x00000000c5000000, 0x00000000c5000000|100%| E|CS|TAMS 0x00000000c4f00000| PB 0x00000000c4f00000| Complete 
|  52|0x00000000c5000000, 0x00000000c5100000, 0x00000000c5100000|100%| E|CS|TAMS 0x00000000c5000000| PB 0x00000000c5000000| Complete 
|  53|0x00000000c5100000, 0x00000000c5200000, 0x00000000c5200000|100%| E|CS|TAMS 0x00000000c5100000| PB 0x00000000c5100000| Complete 
|  54|0x00000000c5200000, 0x00000000c5300000, 0x00000000c5300000|100%| E|CS|TAMS 0x00000000c5200000| PB 0x00000000c5200000| Complete 
|  55|0x00000000c5300000, 0x00000000c5400000, 0x00000000c5400000|100%| E|CS|TAMS 0x00000000c5300000| PB 0x00000000c5300000| Complete 
|  56|0x00000000c5400000, 0x00000000c5500000, 0x00000000c5500000|100%| E|CS|TAMS 0x00000000c5400000| PB 0x00000000c5400000| Complete 
|  57|0x00000000c5500000, 0x00000000c5600000, 0x00000000c5600000|100%| E|CS|TAMS 0x00000000c5500000| PB 0x00000000c5500000| Complete 
|  58|0x00000000c5600000, 0x00000000c5700000, 0x00000000c5700000|100%| E|CS|TAMS 0x00000000c5600000| PB 0x00000000c5600000| Complete 
|  59|0x00000000c5700000, 0x00000000c5800000, 0x00000000c5800000|100%| E|CS|TAMS 0x00000000c5700000| PB 0x00000000c5700000| Complete 
|  60|0x00000000c5800000, 0x00000000c5900000, 0x00000000c5900000|100%| E|CS|TAMS 0x00000000c5800000| PB 0x00000000c5800000| Complete 
|  61|0x00000000c5900000, 0x00000000c5a00000, 0x00000000c5a00000|100%| E|CS|TAMS 0x00000000c5900000| PB 0x00000000c5900000| Complete 
|  62|0x00000000c5a00000, 0x00000000c5b00000, 0x00000000c5b00000|100%| E|CS|TAMS 0x00000000c5a00000| PB 0x00000000c5a00000| Complete 
|  63|0x00000000c5b00000, 0x00000000c5c00000, 0x00000000c5c00000|100%| E|CS|TAMS 0x00000000c5b00000| PB 0x00000000c5b00000| Complete 

Card table byte_map: [0x0000020383070000,0x0000020383270000] _byte_map_base: 0x0000020382a62000

Marking Bits: (CMBitMap*) 0x00000203832de570
 Bits: [0x000002039a560000, 0x000002039b4f0000)

Polling page: 0x0000020381250000

Metaspace:

Usage:
  Non-class:     10.48 MB used.
      Class:      1.39 MB used.
       Both:     11.87 MB used.

Virtual space:
  Non-class space:       64.00 MB reserved,      10.62 MB ( 17%) committed,  1 nodes.
      Class space:        1.00 GB reserved,       1.50 MB ( <1%) committed,  1 nodes.
             Both:        1.06 GB reserved,      12.12 MB (  1%) committed. 

Chunk freelists:
   Non-Class:  816.00 KB
       Class:  2.31 MB
        Both:  3.11 MB

MaxMetaspaceSize: unlimited
CompressedClassSpaceSize: 1.00 GB
Initial GC threshold: 21.00 MB
Current GC threshold: 21.00 MB
CDS: on
MetaspaceReclaimPolicy: balanced
 - commit_granule_bytes: 65536.
 - commit_granule_words: 8192.
 - virtual_space_node_default_size: 8388608.
 - enlarge_chunks_in_place: 1.
 - new_chunks_are_fully_committed: 0.
 - uncommit_free_chunks: 1.
 - use_allocation_guard: 0.


Internal statistics:

num_allocs_failed_limit: 0.
num_arena_births: 232.
num_arena_deaths: 0.
num_vsnodes_births: 2.
num_vsnodes_deaths: 0.
num_space_committed: 194.
num_space_uncommitted: 0.
num_chunks_returned_to_freelist: 0.
num_chunks_taken_from_freelist: 568.
num_chunk_merges: 0.
num_chunk_splits: 428.
num_chunks_enlarged: 345.
num_inconsistent_stats: 0.

CodeHeap 'non-profiled nmethods': size=120064Kb used=804Kb max_used=804Kb free=119259Kb
 bounds [0x0000020392e20000, 0x0000020393090000, 0x000002039a360000]
CodeHeap 'profiled nmethods': size=120000Kb used=4736Kb max_used=4736Kb free=115263Kb
 bounds [0x000002038b360000, 0x000002038b810000, 0x0000020392890000]
CodeHeap 'non-nmethods': size=5696Kb used=1449Kb max_used=1469Kb free=4246Kb
 bounds [0x0000020392890000, 0x0000020392b00000, 0x0000020392e20000]
 total_blobs=2924 nmethods=2444 adapters=391
 compilation: enabled
              stopped_count=0, restarted_count=0
 full_count=0

Compilation events (20 events):
Event: 2.801 Thread 0x000002039d8480e0 2435       3       java.lang.StringUTF16::getChars (42 bytes)
Event: 2.801 Thread 0x000002039d8480e0 nmethod 2435 0x000002038b7fc010 code [0x000002038b7fc1e0, 0x000002038b7fc670]
Event: 2.801 Thread 0x000002039d83a3b0 nmethod 2434 0x0000020392ee6c90 code [0x0000020392ee6e00, 0x0000020392ee6eb8]
Event: 2.810 Thread 0x000002039d83a3b0 2436       4       java.util.HashMap$HashIterator::nextNode (100 bytes)
Event: 2.811 Thread 0x000002039d8480e0 2437       3       java.util.WeakHashMap::remove (131 bytes)
Event: 2.812 Thread 0x000002039d8480e0 nmethod 2437 0x000002038b7fc910 code [0x000002038b7fcb40, 0x000002038b7fd698]
Event: 2.815 Thread 0x000002039d8480e0 2438       3       java.util.regex.Pattern$Slice::match (79 bytes)
Event: 2.815 Thread 0x000002039d8480e0 nmethod 2438 0x000002038b7fda90 code [0x000002038b7fdc60, 0x000002038b7fe0f8]
Event: 2.816 Thread 0x000002039d83a3b0 nmethod 2436 0x0000020392ee6f90 code [0x0000020392ee7100, 0x0000020392ee7510]
Event: 2.819 Thread 0x000002039d8480e0 2439       3       java.util.regex.Pattern$$Lambda$33/0x0000000801072100::is (5 bytes)
Event: 2.819 Thread 0x000002039d8480e0 nmethod 2439 0x000002038b7fe290 code [0x000002038b7fe420, 0x000002038b7fe6a0]
Event: 2.819 Thread 0x000002039d8480e0 2440       3       java.util.regex.Pattern::lambda$DOT$11 (34 bytes)
Event: 2.820 Thread 0x000002039d8480e0 nmethod 2440 0x000002038b7fe790 code [0x000002038b7fe920, 0x000002038b7feb20]
Event: 2.827 Thread 0x000002039d83a3b0 2441       4       java.lang.String::<init> (99 bytes)
Event: 2.831 Thread 0x000002039d83a3b0 nmethod 2441 0x0000020392ee7690 code [0x0000020392ee7820, 0x0000020392ee7bf0]
Event: 2.831 Thread 0x000002039d83a3b0 2442       4       java.lang.StringBuilder::length (5 bytes)
Event: 2.831 Thread 0x000002039d83a3b0 nmethod 2442 0x0000020392ee7e10 code [0x0000020392ee7f80, 0x0000020392ee8008]
Event: 2.836 Thread 0x000002039d8480e0 2443       3       java.util.WeakHashMap::put (160 bytes)
Event: 2.837 Thread 0x000002039d8480e0 nmethod 2443 0x000002038b7feb90 code [0x000002038b7fee00, 0x000002038b7ffe28]
Event: 2.845 Thread 0x000002039d83a3b0 2444       4       java.util.HashMap::putVal (300 bytes)

GC Heap History (8 events):
Event: 0.376 GC heap before
{Heap before GC invocations=0 (full 0):
 garbage-first heap   total 65536K, used 6144K [0x00000000c1c00000, 0x0000000100000000)
  region size 1024K, 6 young (6144K), 0 survivors (0K)
 Metaspace       used 1963K, committed 2112K, reserved 1114112K
  class space    used 170K, committed 192K, reserved 1048576K
}
Event: 0.381 GC heap after
{Heap after GC invocations=1 (full 0):
 garbage-first heap   total 65536K, used 2860K [0x00000000c1c00000, 0x0000000100000000)
  region size 1024K, 1 young (1024K), 1 survivors (1024K)
 Metaspace       used 1963K, committed 2112K, reserved 1114112K
  class space    used 170K, committed 192K, reserved 1048576K
}
Event: 0.716 GC heap before
{Heap before GC invocations=1 (full 0):
 garbage-first heap   total 65536K, used 4908K [0x00000000c1c00000, 0x0000000100000000)
  region size 1024K, 4 young (4096K), 1 survivors (1024K)
 Metaspace       used 3462K, committed 3712K, reserved 1114112K
  class space    used 326K, committed 448K, reserved 1048576K
}
Event: 0.719 GC heap after
{Heap after GC invocations=2 (full 0):
 garbage-first heap   total 65536K, used 3402K [0x00000000c1c00000, 0x0000000100000000)
  region size 1024K, 1 young (1024K), 1 survivors (1024K)
 Metaspace       used 3462K, committed 3712K, reserved 1114112K
  class space    used 326K, committed 448K, reserved 1048576K
}
Event: 1.222 GC heap before
{Heap before GC invocations=2 (full 0):
 garbage-first heap   total 65536K, used 13642K [0x00000000c1c00000, 0x0000000100000000)
  region size 1024K, 12 young (12288K), 1 survivors (1024K)
 Metaspace       used 6064K, committed 6208K, reserved 1114112K
  class space    used 671K, committed 768K, reserved 1048576K
}
Event: 1.226 GC heap after
{Heap after GC invocations=3 (full 0):
 garbage-first heap   total 65536K, used 4524K [0x00000000c1c00000, 0x0000000100000000)
  region size 1024K, 2 young (2048K), 2 survivors (2048K)
 Metaspace       used 6064K, committed 6208K, reserved 1114112K
  class space    used 671K, committed 768K, reserved 1048576K
}
Event: 1.666 GC heap before
{Heap before GC invocations=3 (full 0):
 garbage-first heap   total 65536K, used 19884K [0x00000000c1c00000, 0x0000000100000000)
  region size 1024K, 17 young (17408K), 2 survivors (2048K)
 Metaspace       used 7600K, committed 7808K, reserved 1114112K
  class space    used 849K, committed 960K, reserved 1048576K
}
Event: 1.670 GC heap after
{Heap after GC invocations=4 (full 0):
 garbage-first heap   total 65536K, used 5289K [0x00000000c1c00000, 0x0000000100000000)
  region size 1024K, 3 young (3072K), 3 survivors (3072K)
 Metaspace       used 7600K, committed 7808K, reserved 1114112K
  class space    used 849K, committed 960K, reserved 1048576K
}

Dll operation events (12 events):
Event: 0.011 Loaded shared library C:\Users\Propietario\.jdks\openjdk-20.0.1\bin\java.dll
Event: 0.020 Loaded shared library C:\Users\Propietario\.jdks\openjdk-20.0.1\bin\jsvml.dll
Event: 0.124 Loaded shared library C:\Users\Propietario\.jdks\openjdk-20.0.1\bin\zip.dll
Event: 0.129 Loaded shared library C:\Users\Propietario\.jdks\openjdk-20.0.1\bin\instrument.dll
Event: 0.135 Loaded shared library C:\Users\Propietario\.jdks\openjdk-20.0.1\bin\net.dll
Event: 0.137 Loaded shared library C:\Users\Propietario\.jdks\openjdk-20.0.1\bin\nio.dll
Event: 0.141 Loaded shared library C:\Users\Propietario\.jdks\openjdk-20.0.1\bin\zip.dll
Event: 0.165 Loaded shared library C:\Users\Propietario\.jdks\openjdk-20.0.1\bin\jimage.dll
Event: 0.218 Loaded shared library C:\Program Files\JetBrains\IntelliJ IDEA Community Edition 2023.1.3\bin\breakgen64.dll
Event: 0.247 Loaded shared library C:\Users\Propietario\.jdks\openjdk-20.0.1\bin\extnet.dll
Event: 0.346 Loaded shared library C:\Users\Propietario\.jdks\openjdk-20.0.1\bin\verify.dll
Event: 0.549 Loaded shared library C:\Users\Propietario\AppData\Local\Temp\jansi-1.17.1-13386500149757992488.dll

Deoptimization events (20 events):
Event: 2.675 Thread 0x000002038329f330 Uncommon trap: trap_request=0xffffff45 fr.pc=0x0000020392ed7958 relative=0x0000000000001ab8
Event: 2.675 Thread 0x000002038329f330 Uncommon trap: reason=unstable_if action=reinterpret pc=0x0000020392ed7958 method=jdk.internal.org.objectweb.asm.Frame.execute(IILjdk/internal/org/objectweb/asm/Symbol;Ljdk/internal/org/objectweb/asm/SymbolTable;)V @ 1 c2
Event: 2.675 Thread 0x000002038329f330 DEOPT PACKING pc=0x0000020392ed7958 sp=0x000000c4b68f8550
Event: 2.675 Thread 0x000002038329f330 DEOPT UNPACKING pc=0x00000203928f9d1c sp=0x000000c4b68f84e0 mode 2
Event: 2.715 Thread 0x000002038329f330 Uncommon trap: trap_request=0xffffff45 fr.pc=0x0000020392edd6c8 relative=0x0000000000000248
Event: 2.715 Thread 0x000002038329f330 Uncommon trap: reason=unstable_if action=reinterpret pc=0x0000020392edd6c8 method=jdk.internal.org.objectweb.asm.Frame.push(I)V @ 26 c2
Event: 2.715 Thread 0x000002038329f330 DEOPT PACKING pc=0x0000020392edd6c8 sp=0x000000c4b68f9110
Event: 2.715 Thread 0x000002038329f330 DEOPT UNPACKING pc=0x00000203928f9d1c sp=0x000000c4b68f90b8 mode 2
Event: 2.783 Thread 0x000002038329f330 Uncommon trap: trap_request=0xffffff45 fr.pc=0x0000020392ee50b8 relative=0x0000000000000198
Event: 2.783 Thread 0x000002038329f330 Uncommon trap: reason=unstable_if action=reinterpret pc=0x0000020392ee50b8 method=org.eclipse.sisu.inject.InjectorBindings.isAssignableFrom(Lcom/google/inject/TypeLiteral;Lcom/google/inject/Binding;)Z @ 14 c2
Event: 2.783 Thread 0x000002038329f330 DEOPT PACKING pc=0x0000020392ee50b8 sp=0x000000c4b68fdac0
Event: 2.783 Thread 0x000002038329f330 DEOPT UNPACKING pc=0x00000203928f9d1c sp=0x000000c4b68fda60 mode 2
Event: 2.815 Thread 0x000002038329f330 Uncommon trap: trap_request=0xffffffde fr.pc=0x0000020392e5e640 relative=0x00000000000009a0
Event: 2.815 Thread 0x000002038329f330 Uncommon trap: reason=class_check action=maybe_recompile pc=0x0000020392e5e640 method=java.util.regex.Pattern$Start.match(Ljava/util/regex/Matcher;ILjava/lang/CharSequence;)Z @ 44 c2
Event: 2.815 Thread 0x000002038329f330 DEOPT PACKING pc=0x0000020392e5e640 sp=0x000000c4b68fe9d0
Event: 2.815 Thread 0x000002038329f330 DEOPT UNPACKING pc=0x00000203928f9d1c sp=0x000000c4b68fe920 mode 2
Event: 2.821 Thread 0x000002038329f330 Uncommon trap: trap_request=0xffffffde fr.pc=0x0000020392e5e640 relative=0x00000000000009a0
Event: 2.821 Thread 0x000002038329f330 Uncommon trap: reason=class_check action=maybe_recompile pc=0x0000020392e5e640 method=java.util.regex.Pattern$Start.match(Ljava/util/regex/Matcher;ILjava/lang/CharSequence;)Z @ 44 c2
Event: 2.821 Thread 0x000002038329f330 DEOPT PACKING pc=0x0000020392e5e640 sp=0x000000c4b68feab0
Event: 2.821 Thread 0x000002038329f330 DEOPT UNPACKING pc=0x00000203928f9d1c sp=0x000000c4b68fea00 mode 2

Classes loaded (20 events):
Event: 2.570 Loading class java/util/concurrent/ThreadPoolExecutor
Event: 2.571 Loading class java/util/concurrent/ThreadPoolExecutor done
Event: 2.571 Loading class java/util/concurrent/ThreadPoolExecutor$AbortPolicy
Event: 2.571 Loading class java/util/concurrent/RejectedExecutionHandler
Event: 2.571 Loading class java/util/concurrent/RejectedExecutionHandler done
Event: 2.571 Loading class java/util/concurrent/ThreadPoolExecutor$AbortPolicy done
Event: 2.720 Loading class java/lang/invoke/BoundMethodHandle$Species_LLLLLLLLLL
Event: 2.720 Loading class java/lang/invoke/BoundMethodHandle$Species_LLLLLLLLLL done
Event: 2.723 Loading class java/lang/invoke/BoundMethodHandle$Species_LLLLLLLLLLL
Event: 2.723 Loading class java/lang/invoke/BoundMethodHandle$Species_LLLLLLLLLLL done
Event: 2.728 Loading class java/lang/invoke/BoundMethodHandle$Species_LLLLLLLLLLLL
Event: 2.728 Loading class java/lang/invoke/BoundMethodHandle$Species_LLLLLLLLLLLL done
Event: 2.738 Loading class java/security/Key
Event: 2.738 Loading class java/security/Key done
Event: 2.738 Loading class java/security/spec/AlgorithmParameterSpec
Event: 2.738 Loading class java/security/spec/AlgorithmParameterSpec done
Event: 2.809 Loading class java/lang/ProcessEnvironment$CheckedKeySet
Event: 2.810 Loading class java/lang/ProcessEnvironment$CheckedKeySet done
Event: 2.814 Loading class java/util/Stack
Event: 2.815 Loading class java/util/Stack done

Classes unloaded (0 events):
No events

Classes redefined (0 events):
No events

Internal exceptions (20 events):
Event: 0.167 Thread 0x000002038329f330 Exception <a 'java/lang/NoSuchMethodError'{0x00000000c5a94b28}: 'void java.lang.invoke.DirectMethodHandle$Holder.invokeStatic(java.lang.Object, java.lang.Object, java.lang.Object)'> (0x00000000c5a94b28) 
thrown [s\open\src\hotspot\share\interpreter\linkResolver.cpp, line 773]
Event: 0.199 Thread 0x000002039d835960 Exception <a 'java/lang/NoSuchMethodError'{0x00000000c599f408}: 'java.lang.Object java.lang.invoke.Invokers$Holder.invokeExact_MT(java.lang.Object, java.lang.Object, java.lang.Object, java.lang.Object, java.lang.Object, java.lang.Object)'> (0x00000000c599f408) 
thrown [s\open\src\hotspot\share\interpreter\linkResolver.cpp, line 773]
Event: 0.214 Thread 0x000002038329f330 Exception <a 'java/lang/NoSuchMethodError'{0x00000000c59cd068}: 'java.lang.Object java.lang.invoke.Invokers$Holder.invokeExact_MT(java.lang.Object, java.lang.Object, java.lang.Object, java.lang.Object, java.lang.Object)'> (0x00000000c59cd068) 
thrown [s\open\src\hotspot\share\interpreter\linkResolver.cpp, line 773]
Event: 0.250 Thread 0x00000203a1dac470 Exception <a 'java/lang/NoSuchMethodError'{0x00000000c587ce20}: 'void java.lang.invoke.DirectMethodHandle$Holder.invokeStatic(java.lang.Object, java.lang.Object)'> (0x00000000c587ce20) 
thrown [s\open\src\hotspot\share\interpreter\linkResolver.cpp, line 773]
Event: 0.387 Thread 0x000002038329f330 Exception <a 'java/lang/NoSuchMethodError'{0x00000000c5b23378}: 'java.lang.Object java.lang.invoke.DirectMethodHandle$Holder.invokeStaticInit(java.lang.Object, int, int, int, int)'> (0x00000000c5b23378) 
thrown [s\open\src\hotspot\share\interpreter\linkResolver.cpp, line 773]
Event: 0.471 Thread 0x000002038329f330 Exception <a 'java/lang/NoSuchMethodError'{0x00000000c5b4f108}: 'java.lang.Object java.lang.invoke.DirectMethodHandle$Holder.invokeStaticInit(java.lang.Object, java.lang.Object, int, int, int, int)'> (0x00000000c5b4f108) 
thrown [s\open\src\hotspot\share\interpreter\linkResolver.cpp, line 773]
Event: 1.098 Thread 0x000002038329f330 Exception <a 'java/lang/NoSuchMethodError'{0x00000000c54ce780}: 'java.lang.Object java.lang.invoke.DirectMethodHandle$Holder.newInvokeSpecial(java.lang.Object, java.lang.Object, java.lang.Object, java.lang.Object, java.lang.Object)'> (0x00000000c54ce780) 
thrown [s\open\src\hotspot\share\interpreter\linkResolver.cpp, line 773]
Event: 2.315 Thread 0x000002038329f330 Exception <a 'java/lang/NoSuchMethodError'{0x00000000c4b1ac00}: 'void java.lang.invoke.DirectMethodHandle$Holder.invokeSpecial(java.lang.Object, java.lang.Object, java.lang.Object)'> (0x00000000c4b1ac00) 
thrown [s\open\src\hotspot\share\interpreter\linkResolver.cpp, line 773]
Event: 2.329 Thread 0x000002038329f330 Exception <a 'java/lang/NoSuchMethodError'{0x00000000c4b40f90}: 'void java.lang.invoke.Invokers$Holder.invokeExact_MT(java.lang.Object, java.lang.Object, java.lang.Object, java.lang.Object)'> (0x00000000c4b40f90) 
thrown [s\open\src\hotspot\share\interpreter\linkResolver.cpp, line 773]
Event: 2.385 Thread 0x000002038329f330 Exception <a 'java/lang/NoClassDefFoundError'{0x00000000c4bc2430}: com/google/inject/servlet/ServletModuleTargetVisitor> (0x00000000c4bc2430) 
thrown [s\open\src\hotspot\share\classfile\systemDictionary.cpp, line 294]
Event: 2.386 Thread 0x000002038329f330 Exception <a 'java/lang/NoClassDefFoundError'{0x00000000c4bc3bd0}: javax/annotation/Priority> (0x00000000c4bc3bd0) 
thrown [s\open\src\hotspot\share\classfile\systemDictionary.cpp, line 294]
Event: 2.549 Thread 0x000002038329f330 Exception <a 'java/lang/NoSuchMethodError'{0x00000000c47a5c78}: 'java.lang.Object java.lang.invoke.DirectMethodHandle$Holder.invokeStatic(java.lang.Object, java.lang.Object, int)'> (0x00000000c47a5c78) 
thrown [s\open\src\hotspot\share\interpreter\linkResolver.cpp, line 773]
Event: 2.552 Thread 0x000002038329f330 Exception <a 'java/lang/NoSuchMethodError'{0x00000000c47b1758}: 'void java.lang.invoke.DelegatingMethodHandle$Holder.delegate(java.lang.Object, java.lang.Object, int, java.lang.Object)'> (0x00000000c47b1758) 
thrown [s\open\src\hotspot\share\interpreter\linkResolver.cpp, line 773]
Event: 2.552 Thread 0x000002038329f330 Exception <a 'java/lang/NoSuchMethodError'{0x00000000c47b5cc8}: 'int java.lang.invoke.DirectMethodHandle$Holder.invokeSpecial(java.lang.Object, java.lang.Object, java.lang.Object)'> (0x00000000c47b5cc8) 
thrown [s\open\src\hotspot\share\interpreter\linkResolver.cpp, line 773]
Event: 2.624 Thread 0x000002038329f330 Exception <a 'java/lang/NoSuchMethodError'{0x00000000c4501230}: 'java.lang.Object java.lang.invoke.DirectMethodHandle$Holder.newInvokeSpecial(java.lang.Object, java.lang.Object, java.lang.Object, java.lang.Object, java.lang.Object, java.lang.Object, java.lang.Object)'> (0x00000000c4501230) 
thrown [s\open\src\hotspot\share\interpreter\linkResolver.cpp, line 773]
Event: 2.664 Thread 0x000002038329f330 Exception <a 'java/lang/NoSuchMethodError'{0x00000000c4539d30}: 'java.lang.Object java.lang.invoke.DirectMethodHandle$Holder.newInvokeSpecial(java.lang.Object, java.lang.Object, java.lang.Object, java.lang.Object, java.lang.Object, java.lang.Object, java.lang.Object, java.lang.Object, java.lang.Object)'> (0x00000000c4539d30) 
thrown [s\open\src\hotspot\share\interpreter\linkResolver.cpp, line 773]
Event: 2.715 Thread 0x000002038329f330 Exception <a 'java/lang/NoSuchMethodError'{0x00000000c45db2d8}: 'java.lang.Object java.lang.invoke.DirectMethodHandle$Holder.newInvokeSpecial(java.lang.Object, java.lang.Object, java.lang.Object, java.lang.Object, java.lang.Object, java.lang.Object, java.lang.Object, java.lang.Object, java.lang.Object, java.lang.Object, java.lang.Object, java.lang.Object)'> (0x00000000c45db2d8) 
thrown [s\open\src\hotspot\share\interpreter\linkResolver.cpp, line 773]
Event: 2.722 Thread 0x000002038329f330 Exception <a 'java/lang/NoSuchMethodError'{0x00000000c4420528}: 'java.lang.Object java.lang.invoke.DirectMethodHandle$Holder.invokeStatic(java.lang.Object, java.lang.Object, java.lang.Object, java.lang.Object, java.lang.Object, java.lang.Object, java.lang.Object, java.lang.Object, java.lang.Object, java.lang.Object, java.lang.Object, java.lang.Object, java.lang.Object)'> (0x00000000c4420528) 
thrown [s\open\src\hotspot\share\interpreter\linkResolver.cpp, line 773]
Event: 2.726 Thread 0x000002038329f330 Exception <a 'java/lang/NoSuchMethodError'{0x00000000c443f028}: 'java.lang.Object java.lang.invoke.DirectMethodHandle$Holder.invokeStatic(java.lang.Object, java.lang.Object, java.lang.Object, java.lang.Object, java.lang.Object, java.lang.Object, java.lang.Object, java.lang.Object, java.lang.Object, java.lang.Object, java.lang.Object, java.lang.Object, java.lang.Object, java.lang.Object)'> (0x00000000c443f028) 
thrown [s\open\src\hotspot\share\interpreter\linkResolver.cpp, line 773]
Event: 2.729 Thread 0x000002038329f330 Exception <a 'java/lang/NoSuchMethodError'{0x00000000c4460178}: 'java.lang.Object java.lang.invoke.DirectMethodHandle$Holder.invokeStatic(java.lang.Object, java.lang.Object, java.lang.Object, java.lang.Object, java.lang.Object, java.lang.Object, java.lang.Object, java.lang.Object, java.lang.Object, java.lang.Object, java.lang.Object, java.lang.Object, java.lang.Object, java.lang.Object, java.lang.Object)'> (0x00000000c4460178) 
thrown [s\open\src\hotspot\share\interpreter\linkResolver.cpp, line 773]

VM Operations (20 events):
Event: 1.709 Executing VM operation: HandshakeAllThreads
Event: 1.709 Executing VM operation: HandshakeAllThreads done
Event: 1.854 Executing VM operation: HandshakeAllThreads
Event: 1.854 Executing VM operation: HandshakeAllThreads done
Event: 2.108 Executing VM operation: HandshakeAllThreads
Event: 2.108 Executing VM operation: HandshakeAllThreads done
Event: 2.111 Executing VM operation: HandshakeAllThreads
Event: 2.111 Executing VM operation: HandshakeAllThreads done
Event: 2.199 Executing VM operation: HandshakeAllThreads
Event: 2.199 Executing VM operation: HandshakeAllThreads done
Event: 2.309 Executing VM operation: HandshakeAllThreads
Event: 2.309 Executing VM operation: HandshakeAllThreads done
Event: 2.397 Executing VM operation: ICBufferFull
Event: 2.397 Executing VM operation: ICBufferFull done
Event: 2.545 Executing VM operation: HandshakeAllThreads
Event: 2.545 Executing VM operation: HandshakeAllThreads done
Event: 2.757 Executing VM operation: HandshakeAllThreads
Event: 2.757 Executing VM operation: HandshakeAllThreads done
Event: 2.803 Executing VM operation: HandshakeAllThreads
Event: 2.803 Executing VM operation: HandshakeAllThreads done

Events (12 events):
Event: 0.020 Thread 0x000002038329f330 Thread added: 0x000002038329f330
Event: 0.042 Thread 0x000002038336e160 Thread added: 0x000002038336e160
Event: 0.042 Thread 0x000002039d82ffe0 Thread added: 0x000002039d82ffe0
Event: 0.043 Thread 0x000002039d833eb0 Thread added: 0x000002039d833eb0
Event: 0.043 Thread 0x000002039d835960 Thread added: 0x000002039d835960
Event: 0.043 Thread 0x000002039d8376b0 Thread added: 0x000002039d8376b0
Event: 0.044 Thread 0x000002039d838fa0 Thread added: 0x000002039d838fa0
Event: 0.044 Thread 0x000002039d83a3b0 Thread added: 0x000002039d83a3b0
Event: 0.044 Thread 0x000002039d8480e0 Thread added: 0x000002039d8480e0
Event: 0.089 Thread 0x000002039d82ca00 Thread added: 0x000002039d82ca00
Event: 0.218 Thread 0x00000203a1dac470 Thread added: 0x00000203a1dac470
Event: 0.218 Thread 0x00000203a1db30a0 Thread added: 0x00000203a1db30a0


Dynamic libraries:
0x00007ff77a610000 - 0x00007ff77a61e000 	C:\Users\Propietario\.jdks\openjdk-20.0.1\bin\java.exe
0x00007ffbcfd70000 - 0x00007ffbcff68000 	C:\WINDOWS\SYSTEM32\ntdll.dll
0x00007ffbcf190000 - 0x00007ffbcf24f000 	C:\WINDOWS\System32\KERNEL32.DLL
0x00007ffbcd570000 - 0x00007ffbcd866000 	C:\WINDOWS\System32\KERNELBASE.dll
0x00007ffbcdbf0000 - 0x00007ffbcdcf0000 	C:\WINDOWS\System32\ucrtbase.dll
0x00007ffbc8f20000 - 0x00007ffbc8f3b000 	C:\Users\Propietario\.jdks\openjdk-20.0.1\bin\VCRUNTIME140.dll
0x00007ffbc9330000 - 0x00007ffbc9347000 	C:\Users\Propietario\.jdks\openjdk-20.0.1\bin\jli.dll
0x00007ffbcdfa0000 - 0x00007ffbce13d000 	C:\WINDOWS\System32\USER32.dll
0x00007ffbcdbc0000 - 0x00007ffbcdbe2000 	C:\WINDOWS\System32\win32u.dll
0x00007ffbcec40000 - 0x00007ffbcec6c000 	C:\WINDOWS\System32\GDI32.dll
0x00007ffbcd450000 - 0x00007ffbcd565000 	C:\WINDOWS\System32\gdi32full.dll
0x00007ffbb5120000 - 0x00007ffbb53ba000 	C:\WINDOWS\WinSxS\amd64_microsoft.windows.common-controls_6595b64144ccf1df_6.0.19041.1110_none_60b5254171f9507e\COMCTL32.dll
0x00007ffbcdb20000 - 0x00007ffbcdbbd000 	C:\WINDOWS\System32\msvcp_win.dll
0x00007ffbcf0f0000 - 0x00007ffbcf18e000 	C:\WINDOWS\System32\msvcrt.dll
0x00007ffbcfbd0000 - 0x00007ffbcfc00000 	C:\WINDOWS\System32\IMM32.DLL
0x00007ffbc9320000 - 0x00007ffbc932c000 	C:\Users\Propietario\.jdks\openjdk-20.0.1\bin\vcruntime140_1.dll
0x00007ffbc1c40000 - 0x00007ffbc1cce000 	C:\Users\Propietario\.jdks\openjdk-20.0.1\bin\msvcp140.dll
0x00007ffb9d5d0000 - 0x00007ffb9e267000 	C:\Users\Propietario\.jdks\openjdk-20.0.1\bin\server\jvm.dll
0x00007ffbce3a0000 - 0x00007ffbce44f000 	C:\WINDOWS\System32\ADVAPI32.dll
0x00007ffbcfc00000 - 0x00007ffbcfc9c000 	C:\WINDOWS\System32\sechost.dll
0x00007ffbce450000 - 0x00007ffbce576000 	C:\WINDOWS\System32\RPCRT4.dll
0x00007ffbbb170000 - 0x00007ffbbb179000 	C:\WINDOWS\SYSTEM32\WSOCK32.dll
0x00007ffbc55f0000 - 0x00007ffbc5617000 	C:\WINDOWS\SYSTEM32\WINMM.dll
0x00007ffbcea00000 - 0x00007ffbcea6b000 	C:\WINDOWS\System32\WS2_32.dll
0x00007ffbc69f0000 - 0x00007ffbc69fa000 	C:\WINDOWS\SYSTEM32\VERSION.dll
0x00007ffbcb2d0000 - 0x00007ffbcb2e2000 	C:\WINDOWS\SYSTEM32\kernel.appcore.dll
0x00007ffbc9270000 - 0x00007ffbc927a000 	C:\Users\Propietario\.jdks\openjdk-20.0.1\bin\jimage.dll
0x00007ffbb8010000 - 0x00007ffbb81f4000 	C:\WINDOWS\SYSTEM32\DBGHELP.DLL
0x00007ffbb7fd0000 - 0x00007ffbb8004000 	C:\WINDOWS\SYSTEM32\dbgcore.DLL
0x00007ffbcdcf0000 - 0x00007ffbcdd72000 	C:\WINDOWS\System32\bcryptPrimitives.dll
0x00007ffbc7130000 - 0x00007ffbc713e000 	C:\Users\Propietario\.jdks\openjdk-20.0.1\bin\instrument.dll
0x00007ffbc6ae0000 - 0x00007ffbc6b06000 	C:\Users\Propietario\.jdks\openjdk-20.0.1\bin\java.dll
0x00007ffbb2810000 - 0x00007ffbb28e7000 	C:\Users\Propietario\.jdks\openjdk-20.0.1\bin\jsvml.dll
0x00007ffbcf480000 - 0x00007ffbcfbc4000 	C:\WINDOWS\System32\SHELL32.dll
0x00007ffbcb4d0000 - 0x00007ffbcbc63000 	C:\WINDOWS\SYSTEM32\windows.storage.dll
0x00007ffbce580000 - 0x00007ffbce8d4000 	C:\WINDOWS\System32\combase.dll
0x00007ffbcce20000 - 0x00007ffbcce4e000 	C:\WINDOWS\SYSTEM32\Wldp.dll
0x00007ffbcf250000 - 0x00007ffbcf2fd000 	C:\WINDOWS\System32\SHCORE.dll
0x00007ffbce8e0000 - 0x00007ffbce935000 	C:\WINDOWS\System32\shlwapi.dll
0x00007ffbcd380000 - 0x00007ffbcd3a5000 	C:\WINDOWS\SYSTEM32\profapi.dll
0x00007ffbc6930000 - 0x00007ffbc6948000 	C:\Users\Propietario\.jdks\openjdk-20.0.1\bin\zip.dll
0x00007ffbc7070000 - 0x00007ffbc7083000 	C:\Users\Propietario\.jdks\openjdk-20.0.1\bin\net.dll
0x00007ffbc5900000 - 0x00007ffbc5a0a000 	C:\WINDOWS\SYSTEM32\WINHTTP.dll
0x00007ffbccb80000 - 0x00007ffbccbea000 	C:\WINDOWS\system32\mswsock.dll
0x00007ffbc6950000 - 0x00007ffbc6966000 	C:\Users\Propietario\.jdks\openjdk-20.0.1\bin\nio.dll
0x00007ffbc6a90000 - 0x00007ffbc6aaa000 	C:\Program Files\JetBrains\IntelliJ IDEA Community Edition 2023.1.3\bin\breakgen64.dll
0x00007ffbc5320000 - 0x00007ffbc5327000 	C:\Users\Propietario\.jdks\openjdk-20.0.1\bin\extnet.dll
0x00007ffbc8f50000 - 0x00007ffbc8f60000 	C:\Users\Propietario\.jdks\openjdk-20.0.1\bin\verify.dll
0x00007ffbccd70000 - 0x00007ffbccd88000 	C:\WINDOWS\SYSTEM32\CRYPTSP.dll
0x00007ffbcc490000 - 0x00007ffbcc4c4000 	C:\WINDOWS\system32\rsaenh.dll
0x00007ffbcda40000 - 0x00007ffbcda67000 	C:\WINDOWS\System32\bcrypt.dll
0x00007ffbcd340000 - 0x00007ffbcd36e000 	C:\WINDOWS\SYSTEM32\USERENV.dll
0x00007ffbccd90000 - 0x00007ffbccd9c000 	C:\WINDOWS\SYSTEM32\CRYPTBASE.dll
0x00007ffbcc870000 - 0x00007ffbcc8ab000 	C:\WINDOWS\SYSTEM32\IPHLPAPI.DLL
0x00007ffbcfd20000 - 0x00007ffbcfd28000 	C:\WINDOWS\System32\NSI.dll
0x00007ffbc60d0000 - 0x00007ffbc60e7000 	C:\WINDOWS\SYSTEM32\dhcpcsvc6.DLL
0x00007ffbc60b0000 - 0x00007ffbc60cd000 	C:\WINDOWS\SYSTEM32\dhcpcsvc.DLL
0x00007ffbcc8c0000 - 0x00007ffbcc98a000 	C:\WINDOWS\SYSTEM32\DNSAPI.dll
0x00007ffbc7120000 - 0x00007ffbc712a000 	C:\Users\Propietario\AppData\Local\Temp\jansi-1.17.1-13386500149757992488.dll

dbghelp: loaded successfully - version: 4.0.5 - missing functions: none
symbol engine: initialized successfully - sym options: 0x614 - pdb path: .;C:\Users\Propietario\.jdks\openjdk-20.0.1\bin;C:\WINDOWS\SYSTEM32;C:\WINDOWS\WinSxS\amd64_microsoft.windows.common-controls_6595b64144ccf1df_6.0.19041.1110_none_60b5254171f9507e;C:\Users\Propietario\.jdks\openjdk-20.0.1\bin\server;C:\Program Files\JetBrains\IntelliJ IDEA Community Edition 2023.1.3\bin;C:\Users\Propietario\AppData\Local\Temp

VM Arguments:
jvm_args: -Dmaven.multiModuleProjectDirectory=C:\Users\Propietario\TecProgramacionTercSemestre\Tecnicatura3Java\Leccion12\SistemaEstudiantes -Djansi.passthrough=true -Dmaven.home=C:\Program Files\JetBrains\IntelliJ IDEA Community Edition 2023.1.3\plugins\maven\lib\maven3 -Dclassworlds.conf=C:\Program Files\JetBrains\IntelliJ IDEA Community Edition 2023.1.3\plugins\maven\lib\maven3\bin\m2.conf -Dmaven.ext.class.path=C:\Program Files\JetBrains\IntelliJ IDEA Community Edition 2023.1.3\plugins\maven\lib\maven-event-listener.jar -javaagent:C:\Program Files\JetBrains\IntelliJ IDEA Community Edition 2023.1.3\lib\idea_rt.jar=55456:C:\Program Files\JetBrains\IntelliJ IDEA Community Edition 2023.1.3\bin -Dfile.encoding=UTF-8 -Dsun.stdout.encoding=UTF-8 -Dsun.stderr.encoding=UTF-8 
java_command: org.codehaus.classworlds.Launcher -Didea.version=2023.1.3 install
java_class_path (initial): C:\Program Files\JetBrains\IntelliJ IDEA Community Edition 2023.1.3\plugins\maven\lib\maven3\boot\plexus-classworlds-2.6.0.jar;C:\Program Files\JetBrains\IntelliJ IDEA Community Edition 2023.1.3\plugins\maven\lib\maven3\boot\plexus-classworlds.license
Launcher Type: SUN_STANDARD

[Global flags]
     intx CICompilerCount                          = 2                                         {product} {ergonomic}
     uint ConcGCThreads                            = 1                                         {product} {ergonomic}
     uint G1ConcRefinementThreads                  = 2                                         {product} {ergonomic}
   size_t G1HeapRegionSize                         = 1048576                                   {product} {ergonomic}
    uintx GCDrainStackTargetSize                   = 64                                        {product} {ergonomic}
   size_t InitialHeapSize                          = 67108864                                  {product} {ergonomic}
   size_t MarkStackSize                            = 4194304                                   {product} {ergonomic}
   size_t MaxHeapSize                              = 1044381696                                {product} {ergonomic}
   size_t MaxNewSize                               = 625999872                                 {product} {ergonomic}
   size_t MinHeapDeltaBytes                        = 1048576                                   {product} {ergonomic}
   size_t MinHeapSize                              = 8388608                                   {product} {ergonomic}
    uintx NonNMethodCodeHeapSize                   = 5826188                                {pd product} {ergonomic}
    uintx NonProfiledCodeHeapSize                  = 122916026                              {pd product} {ergonomic}
    uintx ProfiledCodeHeapSize                     = 122916026                              {pd product} {ergonomic}
    uintx ReservedCodeCacheSize                    = 251658240                              {pd product} {ergonomic}
     bool SegmentedCodeCache                       = true                                      {product} {ergonomic}
   size_t SoftMaxHeapSize                          = 1044381696                             {manageable} {ergonomic}
     bool UseCompressedClassPointers               = true                           {product lp64_product} {ergonomic}
     bool UseCompressedOops                        = true                           {product lp64_product} {ergonomic}
     bool UseG1GC                                  = true                                      {product} {ergonomic}
     bool UseLargePagesIndividualAllocation        = false                                  {pd product} {ergonomic}

Logging:
Log output configuration:
 #0: stdout all=warning uptime,level,tags foldmultilines=false
 #1: stderr all=off uptime,level,tags foldmultilines=false

Environment Variables:
JAVA_HOME=C:\Program Files\Java\jdk-15
PATH=C:\Program Files\Common Files\Oracle\Java\javapath;C:\Program Files (x86)\Common Files\Intel\Shared Files\cpp\bin\Intel64;C:\WINDOWS\system32;C:\WINDOWS;C:\WINDOWS\System32\Wbem;C:\WINDOWS\System32\WindowsPowerShell\v1.0\;C:\WINDOWS\System32\OpenSSH\;C:\Users\Propietario\Downloads\x86_64-8.1.0-release-posix-sjlj-rt_v6-rev0\mingw64\bin;C:\Program Files\Git\cmd;C:\Program Files\Java\jdk-15\bin;C:\Program Files\nodejs\;C:\Program Files\Docker\Docker\resources\bin;C:\Users\Propietario\AppData\Local\Programs\Python\Python311\Scripts\;C:\Users\Propietario\AppData\Local\Programs\Python\Python311\;C:\Users\Propietario\AppData\Local\Microsoft\WindowsApps;C:\Users\Propietario\AppData\Local\Programs\Microsoft VS Code\bin;C:\Users\Propietario\AppData\Local\GitHubDesktop\bin;C:\Users\Propietario\AppData\Roaming\npm;C:\ProgramData\Propietario\gitkraken\bin
USERNAME=Propietario
OS=Windows_NT
PROCESSOR_IDENTIFIER=Intel64 Family 6 Model 158 Stepping 9, GenuineIntel
TMP=C:\Users\PROPIE~1\AppData\Local\Temp
TEMP=C:\Users\PROPIE~1\AppData\Local\Temp




---------------  S Y S T E M  ---------------

OS:
 Windows 10 , 64 bit Build 19041 (10.0.19041.3155)
OS uptime: 1 days 0:28 hours
Hyper-V role detected

CPU: total 2 (initial active 2) (2 cores per cpu, 1 threads per core) family 6 model 158 stepping 9 microcode 0xb4, cx8, cmov, fxsr, mmx, 3dnowpref, sse, sse2, sse3, ssse3, sse4.1, sse4.2, popcnt, lzcnt, tsc, tscinvbit, aes, erms, clmul, clflush, clflushopt, hv, rdtscp

Memory: 4k page, system-wide physical 3979M (433M free)
TotalPageFile size 5979M (AvailPageFile size 5M)
current process WorkingSet (physical memory assigned to process): 96M, peak: 96M
current process commit charge ("private bytes"): 160M, peak: 160M

vm_info: OpenJDK 64-Bit Server VM (20.0.1+9-29) for windows-amd64 JRE (20.0.1+9-29), built on 2023-03-07T13:56:11Z by "mach5one" with MS VC++ 17.1 (VS2022)

END.
